DEBUG:cave.cavefacade.CAVE:Running CAVE version 1.1.5.dev
INFO:cave.cavefacade.CAVE:Saving results to 'bohb/transfer_config/KMNIST_3_1_9_K49_3_1_9/cave/content/budget_9.0'
DEBUG:cave.cavefacade.CAVE:Folders: ['bohb/transfer_config/KMNIST_3_1_9_K49_3_1_9/cave/budget_9.0']; ta-exec-dirs: ['.']
DEBUG:cave.cavefacade.CAVE:Collecting data from bohb/transfer_config/KMNIST_3_1_9_K49_3_1_9/cave/budget_9.0.
DEBUG:cave.ConfiguratorRun.bohb/transfer_config/KMNIST_3_1_9_K49_3_1_9/cave/budget_9.0:Loading from 'bohb/transfer_config/KMNIST_3_1_9_K49_3_1_9/cave/budget_9.0' with ta_exec_dir '.'.
DEBUG:cave.reader:Detected 'bohb/transfer_config/KMNIST_3_1_9_K49_3_1_9/cave/budget_9.0/configspace.json'
DEBUG:cave.reader:Ignoring bohb/transfer_config/KMNIST_3_1_9_K49_3_1_9/cave/budget_9.0/configspace.json
DEBUG:cave.reader:Creating scenario from "."
DEBUG:smac.utils.io.cmd_reader.CMDReader:Deactivate output directory.
DEBUG:smac.utils.io.cmd_reader.CMDReader:Loading pcs as json from: bohb/transfer_config/KMNIST_3_1_9_K49_3_1_9/cave/budget_9.0/configspace.json
DEBUG:smac.scenario.scenario.Scenario:SMAC and Scenario Options:
DEBUG:cave.ConfiguratorRun.bohb/transfer_config/KMNIST_3_1_9_K49_3_1_9/cave/budget_9.0:RunHistory original runhistory only evaluated on 0/1 train-insts for default in folder bohb/transfer_config/KMNIST_3_1_9_K49_3_1_9/cave/budget_9.0
DEBUG:cave.ConfiguratorRun.bohb/transfer_config/KMNIST_3_1_9_K49_3_1_9/cave/budget_9.0:RunHistory original runhistory only evaluated on 0/1 test-insts for default in folder bohb/transfer_config/KMNIST_3_1_9_K49_3_1_9/cave/budget_9.0
DEBUG:cave.reader.configurator_run.ConfiguratorRun:No rng and no run_id given: using a random value to initialize run_id.
INFO:cave.reader.configurator_run.ConfiguratorRun:Optimizing a deterministic scenario for quality without a tuner timeout - will make SMAC deterministic!
INFO:smac.scenario.scenario.Scenario:No output directory for scenario logging specified -- scenario will not be logged.
INFO:smac.utils.io.traj_logging.TrajLogger:No output directory for trajectory logging specified -- trajectory will not be logged.
DEBUG:cave.cavefacade.CAVE:Instances: train=0, test=0, train-features=0, test-features=0
INFO:cave.cavefacade.CAVE:No features available. Skipping feature analysis.
DEBUG:cave.cavefacade.CAVE:Update original rh with all available rhs!
DEBUG:cave.cavefacade.CAVE:Using 'bohb/transfer_config/KMNIST_3_1_9_K49_3_1_9/cave/content/budget_9.0/content' as output for pimp
DEBUG:pimp.Importance:None
DEBUG:pimp.Importance:<smac.runhistory.runhistory.RunHistory object at 0x7f81f1c5f080>
INFO:pimp.Importance:Combined number of Runhistory data points: 5
INFO:pimp.Importance:Number of Configurations: 5
INFO:pimp.Importance:Converting Data and constructing Model
INFO:pimp.Importance:Using model <pimp.epm.base_epm.RandomForestWithInstances object at 0x7f81f1c5f400>
DEBUG:smac.runhistory.runhistory2epm.RunHistory2EPM4Cost:Transform runhistory into X,y format
DEBUG:smac.runhistory.runhistory2epm.RunHistory2EPM4Cost:Converted 5 observations
INFO:pimp.Importance:Size of training X: (5, 5)
INFO:pimp.Importance:Size of training y: (5, 1)
INFO:pimp.Importance:Data was not imputed
INFO:pimp.Importance:Thus the size of X might be smaller than the datapoints in the RunHistory
INFO:pimp.Importance:Fitting Model
INFO:pimp.Importance:Best incumbent found in None
DEBUG:smac.utils.validate.Validator:no seed given, using default seed of 1
DEBUG:cave.cavefacade.CAVE:Validating bohb/transfer_config/KMNIST_3_1_9_K49_3_1_9/cave/budget_9.0 using epm!
DEBUG:smac.utils.validate.Validator:Gathered 2 configurations for mode def+inc.
INFO:smac.utils.validate.Validator:Collected 1 runs from 2 configurations on 1 instances with 1 repetitions. Reusing 1 runs from given runhistory.
DEBUG:smac.utils.validate.Validator:Predicting desired 1 runs, data has shape (1, 5)
DEBUG:cave.timer:func:'_validate_default_and_incumbents' took: 0.0019 sec (human-friendly: 0 h /0 m /0 s)
DEBUG:cave.cavefacade.CAVE:Combined number of RunHistory data points for original runhistory: 5 # Configurations: 5. # Configurator runs: 1
DEBUG:cave.cavefacade.CAVE:Combined number of RunHistory data points for validated runhistory: 5 # Configurations: 5. # Configurator runs: 1
DEBUG:cave.cavefacade.CAVE:Combined number of RunHistory data points for epm runhistory: 6 # Configurations: 6. # Configurator runs: 1
DEBUG:cave.cavefacade.CAVE:Overall best run: bohb/transfer_config/KMNIST_3_1_9_K49_3_1_9/cave/budget_9.0, with incumbent: Configuration:
  batch_size, Value: 259
  channel_1, Value: 7
  channel_2, Value: 4
  fc_nodes, Value: 263
  n_fc_layer, Value: 2

DEBUG:root:CAVE is called with arguments: Namespace(algorithm_footprints=True, cfp=True, cfp_max_plot=-1, cfp_number_quantiles=3, cfp_time_slider='off', cost_over_time=True, ecdf=True, fanova_pairwise=True, feature_analysis='all', file_format='BOHB', folders=['bohb/transfer_config/KMNIST_3_1_9_K49_3_1_9/'], jupyter='off', output='bohb/transfer_config/KMNIST_3_1_9_K49_3_1_9/cave/', parallel_coordinates=True, parameter_importance='all', pc_sort_by='all', pimp_max_samples=-1, pimp_sort_table_by='average', scatter_plots=True, seed=42, ta_exec_dir='.', tabular_analysis=True, validation='epm', validation_format='NONE', verbose_level='INFO')
DEBUG:cave.cavefacade.CAVE:Using aggregated cave-instance
DEBUG:cave.cavefacade.CAVE:Args: (), Kwargs: {}
DEBUG:cave.analyzer.budget_correlation.BudgetCorrelation:During budget correlation a <class 'bokeh.util.warnings.BokehUserWarning'> was raised: ColumnDataSource's columns must be of the same length. Current lengths: ('budget_1.0', 15), ('budget_3.0', 15), ('budget_9.0', 15), ('x', 0), ('y', 0)
DEBUG:HTMLBuilder:No content for Meta Data, skipping in html-generation
DEBUG:HTMLBuilder:No content for Best Configuration, skipping in html-generation
DEBUG:HTMLBuilder:No content for Performance Analysis, skipping in html-generation
DEBUG:HTMLBuilder:No content for Configurators Behavior, skipping in html-generation
DEBUG:HTMLBuilder:No content for Parameter Importance, skipping in html-generation
DEBUG:HTMLBuilder:No content for Feature Analysis, skipping in html-generation
DEBUG:HTMLBuilder:No content for BOHB Plot, skipping in html-generation
DEBUG:cave.cavefacade.CAVE:Using aggregated cave-instance
DEBUG:cave.cavefacade.CAVE:Args: (), Kwargs: {}
DEBUG:cave.analyzer.bohb_learning_curves.BohbLearningCurves:Assuming config_info to be either "model_based_pick=True" or "model_based_pick=False"
DEBUG:cave.analyzer.bohb_learning_curves.BohbLearningCurves:iteration_labels: ['00', '01', '02']
DEBUG:cave.analyzer.bohb_learning_curves.BohbLearningCurves:HB_iterations: ['0', '1', '2']
DEBUG:HTMLBuilder:No content for Meta Data, skipping in html-generation
DEBUG:HTMLBuilder:No content for Best Configuration, skipping in html-generation
DEBUG:HTMLBuilder:No content for Performance Analysis, skipping in html-generation
DEBUG:HTMLBuilder:No content for Configurators Behavior, skipping in html-generation
DEBUG:HTMLBuilder:No content for Parameter Importance, skipping in html-generation
DEBUG:HTMLBuilder:No content for Feature Analysis, skipping in html-generation
DEBUG:HTMLBuilder:No content for BOHB Plot, skipping in html-generation
DEBUG:cave.cavefacade.CAVE:Using aggregated cave-instance
DEBUG:cave.cavefacade.CAVE:Args: (), Kwargs: {}
INFO:cave.analyzer.bohb_incumbents_per_budget.BohbIncumbentsPerBudget:... create performance table
DEBUG:HTMLBuilder:No content for Meta Data, skipping in html-generation
DEBUG:HTMLBuilder:No content for Best Configuration, skipping in html-generation
DEBUG:HTMLBuilder:No content for Performance Analysis, skipping in html-generation
DEBUG:HTMLBuilder:No content for Configurators Behavior, skipping in html-generation
DEBUG:HTMLBuilder:No content for Parameter Importance, skipping in html-generation
DEBUG:HTMLBuilder:No content for Feature Analysis, skipping in html-generation
DEBUG:HTMLBuilder:No content for BOHB Plot, skipping in html-generation
DEBUG:cave.cavefacade.CAVE:Using aggregated cave-instance
DEBUG:cave.cavefacade.CAVE:Args: (), Kwargs: {'use_timeslider': False, 'max_confs': -1, 'num_quantiles': 3}
INFO:cave.cavefacade.CAVE:... visualizing explored configspace (this may take a long time, if there is a lot of data - deactive with --no_configurator_footprint)
INFO:cave.analyzer.configurator_footprint.ConfiguratorFootprint:... visualizing explored configspace (this may take a long time, if there is a lot of data - deactive with --no_configurator_footprint)
DEBUG:cave.plot.configurator_footprint.ConfiguratorFootprintPlotter:Creating 3 quantiles with a total number of runs of 15
DEBUG:cave.plot.configurator_footprint.ConfiguratorFootprintPlotter:Ranges: [0, 4, 7, 15]
DEBUG:cave.plot.configurator_footprint.ConfiguratorFootprintPlotter:Labels: ['818.84', '2447.61', '7717.12']
DEBUG:cave.timer:func:'_get_runs_per_config_quantiled' took: 0.0026 sec (human-friendly: 0 h /0 m /0 s)
DEBUG:cave.plot.configurator_footprint.ConfiguratorFootprintPlotter:Min runs per conf: 1, Max runs per conf: 1
DEBUG:cave.plot.configurator_footprint.ConfiguratorFootprintPlotter:Gathered 15 configurations from 1 runhistories.
DEBUG:cave.timer:func:'get_conf_matrix' took: 0.0035 sec (human-friendly: 0 h /0 m /0 s)
DEBUG:cave.plot.configurator_footprint.ConfiguratorFootprintPlotter:Number of Configurations: 15
DEBUG:cave.plot.configurator_footprint.ConfiguratorFootprintPlotter:Calculate distance between configurations.
DEBUG:cave.plot.configurator_footprint.ConfiguratorFootprintPlotter:0.00% of all distances calculated in 0.00 seconds...
DEBUG:cave.plot.configurator_footprint.ConfiguratorFootprintPlotter:20.00% of all distances calculated in 0.00 seconds...
DEBUG:cave.plot.configurator_footprint.ConfiguratorFootprintPlotter:40.00% of all distances calculated in 0.00 seconds...
DEBUG:cave.plot.configurator_footprint.ConfiguratorFootprintPlotter:60.00% of all distances calculated in 0.00 seconds...
DEBUG:cave.plot.configurator_footprint.ConfiguratorFootprintPlotter:80.00% of all distances calculated in 0.01 seconds...
DEBUG:cave.timer:func:'get_distance' took: 0.0059 sec (human-friendly: 0 h /0 m /0 s)
DEBUG:cave.plot.configurator_footprint.ConfiguratorFootprintPlotter:MDS-stress: 13.223112
DEBUG:cave.timer:func:'get_mds' took: 0.0577 sec (human-friendly: 0 h /0 m /0 s)
DEBUG:cave.plot.configurator_footprint.ConfiguratorFootprintPlotter:Convert data for epm.
DEBUG:smac.runhistory.runhistory2epm.RunHistory2EPM4Cost:Transform runhistory into X,y format
DEBUG:smac.runhistory.runhistory2epm.RunHistory2EPM4Cost:Converted 15 observations
DEBUG:cave.plot.configurator_footprint.ConfiguratorFootprintPlotter:Train random forest for contour-plot.
DEBUG:cave.plot.configurator_footprint.ConfiguratorFootprintPlotter:Fitting random forest took 0.000286 time
DEBUG:cave.plot.configurator_footprint.ConfiguratorFootprintPlotter:x_min: -2.410702, x_max: 2.334725, y_min: -2.243845, y_max: 2.449878
DEBUG:cave.plot.configurator_footprint.ConfiguratorFootprintPlotter:Predict on 576 samples in grid to get surface (step-size: 0.200000)
DEBUG:cave.plot.configurator_footprint.ConfiguratorFootprintPlotter:Predicting random forest took 0.093664 time
DEBUG:cave.timer:func:'get_pred_surface' took: 0.1051 sec (human-friendly: 0 h /0 m /0 s)
DEBUG:cave.plot.configurator_footprint.ConfiguratorFootprintPlotter:Convert data for epm.
DEBUG:smac.runhistory.runhistory2epm.RunHistory2EPM4Cost:Transform runhistory into X,y format
DEBUG:smac.runhistory.runhistory2epm.RunHistory2EPM4Cost:Converted 9 observations
DEBUG:cave.plot.configurator_footprint.ConfiguratorFootprintPlotter:Train random forest for contour-plot.
DEBUG:cave.plot.configurator_footprint.ConfiguratorFootprintPlotter:Fitting random forest took 0.000299 time
DEBUG:cave.plot.configurator_footprint.ConfiguratorFootprintPlotter:x_min: -2.410702, x_max: 2.334725, y_min: -2.243845, y_max: 2.449878
DEBUG:cave.plot.configurator_footprint.ConfiguratorFootprintPlotter:Predict on 576 samples in grid to get surface (step-size: 0.200000)
DEBUG:cave.plot.configurator_footprint.ConfiguratorFootprintPlotter:Predicting random forest took 0.100237 time
DEBUG:cave.timer:func:'get_pred_surface' took: 0.1102 sec (human-friendly: 0 h /0 m /0 s)
DEBUG:cave.plot.configurator_footprint.ConfiguratorFootprintPlotter:Convert data for epm.
DEBUG:smac.runhistory.runhistory2epm.RunHistory2EPM4Cost:Transform runhistory into X,y format
DEBUG:smac.runhistory.runhistory2epm.RunHistory2EPM4Cost:Converted 6 observations
DEBUG:cave.plot.configurator_footprint.ConfiguratorFootprintPlotter:Train random forest for contour-plot.
DEBUG:cave.plot.configurator_footprint.ConfiguratorFootprintPlotter:Fitting random forest took 0.000130 time
DEBUG:cave.plot.configurator_footprint.ConfiguratorFootprintPlotter:x_min: -2.410702, x_max: 2.334725, y_min: -2.243845, y_max: 2.449878
DEBUG:cave.plot.configurator_footprint.ConfiguratorFootprintPlotter:Predict on 576 samples in grid to get surface (step-size: 0.200000)
DEBUG:cave.plot.configurator_footprint.ConfiguratorFootprintPlotter:Predicting random forest took 0.109955 time
DEBUG:cave.timer:func:'get_pred_surface' took: 0.1174 sec (human-friendly: 0 h /0 m /0 s)
DEBUG:cave.plot.configurator_footprint.ConfiguratorFootprintPlotter:Convert data for epm.
DEBUG:smac.runhistory.runhistory2epm.RunHistory2EPM4Cost:Transform runhistory into X,y format
DEBUG:smac.runhistory.runhistory2epm.RunHistory2EPM4Cost:Converted 5 observations
DEBUG:cave.plot.configurator_footprint.ConfiguratorFootprintPlotter:Train random forest for contour-plot.
DEBUG:cave.plot.configurator_footprint.ConfiguratorFootprintPlotter:Fitting random forest took 0.000273 time
DEBUG:cave.plot.configurator_footprint.ConfiguratorFootprintPlotter:x_min: -2.410702, x_max: 2.334725, y_min: -2.243845, y_max: 2.449878
DEBUG:cave.plot.configurator_footprint.ConfiguratorFootprintPlotter:Predict on 576 samples in grid to get surface (step-size: 0.200000)
DEBUG:cave.plot.configurator_footprint.ConfiguratorFootprintPlotter:Predicting random forest took 0.098400 time
DEBUG:cave.timer:func:'get_pred_surface' took: 0.1088 sec (human-friendly: 0 h /0 m /0 s)
DEBUG:cave.timer:func:'_plot_contour' took: 0.0072 sec (human-friendly: 0 h /0 m /0 s)
DEBUG:cave.plot.configurator_footprint.ConfiguratorFootprintPlotter:36 different glyph renderers, 1 different zorder-values
DEBUG:cave.timer:func:'_scatter' took: 0.0398 sec (human-friendly: 0 h /0 m /0 s)
DEBUG:cave.plot.configurator_footprint.ConfiguratorFootprintPlotter:Quantile 0: 36 scatter-handles
DEBUG:cave.plot.configurator_footprint.ConfiguratorFootprintPlotter:Saving plot to bohb/transfer_config/KMNIST_3_1_9_K49_3_1_9/cave/cfp_over_time/configurator_footprint0.png
DEBUG:cave.plot.configurator_footprint.ConfiguratorFootprintPlotter:Exporting to bohb/transfer_config/KMNIST_3_1_9_K49_3_1_9/cave/cfp_over_time/configurator_footprint0.png (base: bohb/transfer_config/KMNIST_3_1_9_K49_3_1_9/cave/cfp_over_time)
DEBUG:cave.plot.configurator_footprint.ConfiguratorFootprintPlotter:bohb/transfer_config/KMNIST_3_1_9_K49_3_1_9/cave/cfp_over_time does not exist. Creating...
DEBUG:cave.plot.configurator_footprint.ConfiguratorFootprintPlotter:Exporting failed
Traceback (most recent call last):
  File "/usr/local/lib/python3.6/dist-packages/bokeh/util/dependencies.py", line 78, in detect_phantomjs
    proc = Popen([phantomjs_path, "--version"], stdout=PIPE, stderr=PIPE)
  File "/usr/lib/python3.6/subprocess.py", line 709, in __init__
    restore_signals, start_new_session)
  File "/usr/lib/python3.6/subprocess.py", line 1344, in _execute_child
    raise child_exception_type(errno_num, err_msg, err_filename)
FileNotFoundError: [Errno 2] No such file or directory: 'phantomjs': 'phantomjs'

During handling of the above exception, another exception occurred:

Traceback (most recent call last):
  File "/usr/local/lib/python3.6/dist-packages/cave/utils/io.py", line 36, in export_bokeh
    export_png(plot, filename=path)
  File "/usr/local/lib/python3.6/dist-packages/bokeh/io/export.py", line 91, in export_png
    image = get_screenshot_as_png(obj, height=height, width=width, driver=webdriver)
  File "/usr/local/lib/python3.6/dist-packages/bokeh/io/export.py", line 201, in get_screenshot_as_png
    web_driver = driver if driver is not None else webdriver_control.get()
  File "/usr/local/lib/python3.6/dist-packages/bokeh/io/webdriver.py", line 98, in get
    self.current = self.create()
  File "/usr/local/lib/python3.6/dist-packages/bokeh/io/webdriver.py", line 103, in create
    return create_phantomjs_webdriver()
  File "/usr/local/lib/python3.6/dist-packages/bokeh/io/webdriver.py", line 61, in create_phantomjs_webdriver
    phantomjs_path = detect_phantomjs()
  File "/usr/local/lib/python3.6/dist-packages/bokeh/util/dependencies.py", line 92, in detect_phantomjs
    "npm install -g phantomjs-prebuilt"')
RuntimeError: PhantomJS is not present in PATH or BOKEH_PHANTOMJS_PATH. Try "conda install phantomjs" or             "npm install -g phantomjs-prebuilt"
WARNING:cave.plot.configurator_footprint.ConfiguratorFootprintPlotter:Exporting bokeh-plot to "bohb/transfer_config/KMNIST_3_1_9_K49_3_1_9/cave/cfp_over_time/configurator_footprint0.png" failed. To activate automatic png-export, please follow instructions on CAVE's GitHub (install selenium and phantomjs-prebuilt).
DEBUG:cave.timer:func:'export_bokeh' took: 0.5200 sec (human-friendly: 0 h /0 m /0 s)
DEBUG:cave.timer:func:'_plot_contour' took: 0.0085 sec (human-friendly: 0 h /0 m /0 s)
DEBUG:cave.plot.configurator_footprint.ConfiguratorFootprintPlotter:36 different glyph renderers, 1 different zorder-values
DEBUG:cave.timer:func:'_scatter' took: 0.0470 sec (human-friendly: 0 h /0 m /0 s)
DEBUG:cave.plot.configurator_footprint.ConfiguratorFootprintPlotter:Quantile 1: 36 scatter-handles
DEBUG:cave.plot.configurator_footprint.ConfiguratorFootprintPlotter:Saving plot to bohb/transfer_config/KMNIST_3_1_9_K49_3_1_9/cave/cfp_over_time/configurator_footprint1.png
DEBUG:cave.plot.configurator_footprint.ConfiguratorFootprintPlotter:Exporting to bohb/transfer_config/KMNIST_3_1_9_K49_3_1_9/cave/cfp_over_time/configurator_footprint1.png (base: bohb/transfer_config/KMNIST_3_1_9_K49_3_1_9/cave/cfp_over_time)
DEBUG:cave.plot.configurator_footprint.ConfiguratorFootprintPlotter:Exporting failed
Traceback (most recent call last):
  File "/usr/local/lib/python3.6/dist-packages/bokeh/util/dependencies.py", line 78, in detect_phantomjs
    proc = Popen([phantomjs_path, "--version"], stdout=PIPE, stderr=PIPE)
  File "/usr/lib/python3.6/subprocess.py", line 709, in __init__
    restore_signals, start_new_session)
  File "/usr/lib/python3.6/subprocess.py", line 1344, in _execute_child
    raise child_exception_type(errno_num, err_msg, err_filename)
FileNotFoundError: [Errno 2] No such file or directory: 'phantomjs': 'phantomjs'

During handling of the above exception, another exception occurred:

Traceback (most recent call last):
  File "/usr/local/lib/python3.6/dist-packages/cave/utils/io.py", line 36, in export_bokeh
    export_png(plot, filename=path)
  File "/usr/local/lib/python3.6/dist-packages/bokeh/io/export.py", line 91, in export_png
    image = get_screenshot_as_png(obj, height=height, width=width, driver=webdriver)
  File "/usr/local/lib/python3.6/dist-packages/bokeh/io/export.py", line 201, in get_screenshot_as_png
    web_driver = driver if driver is not None else webdriver_control.get()
  File "/usr/local/lib/python3.6/dist-packages/bokeh/io/webdriver.py", line 98, in get
    self.current = self.create()
  File "/usr/local/lib/python3.6/dist-packages/bokeh/io/webdriver.py", line 103, in create
    return create_phantomjs_webdriver()
  File "/usr/local/lib/python3.6/dist-packages/bokeh/io/webdriver.py", line 61, in create_phantomjs_webdriver
    phantomjs_path = detect_phantomjs()
  File "/usr/local/lib/python3.6/dist-packages/bokeh/util/dependencies.py", line 92, in detect_phantomjs
    "npm install -g phantomjs-prebuilt"')
RuntimeError: PhantomJS is not present in PATH or BOKEH_PHANTOMJS_PATH. Try "conda install phantomjs" or             "npm install -g phantomjs-prebuilt"
WARNING:cave.plot.configurator_footprint.ConfiguratorFootprintPlotter:Exporting bokeh-plot to "bohb/transfer_config/KMNIST_3_1_9_K49_3_1_9/cave/cfp_over_time/configurator_footprint1.png" failed. To activate automatic png-export, please follow instructions on CAVE's GitHub (install selenium and phantomjs-prebuilt).
DEBUG:cave.timer:func:'export_bokeh' took: 0.2250 sec (human-friendly: 0 h /0 m /0 s)
DEBUG:cave.timer:func:'_plot_contour' took: 0.0065 sec (human-friendly: 0 h /0 m /0 s)
DEBUG:cave.plot.configurator_footprint.ConfiguratorFootprintPlotter:36 different glyph renderers, 1 different zorder-values
DEBUG:cave.timer:func:'_scatter' took: 0.0463 sec (human-friendly: 0 h /0 m /0 s)
DEBUG:cave.plot.configurator_footprint.ConfiguratorFootprintPlotter:Quantile 2: 36 scatter-handles
DEBUG:cave.plot.configurator_footprint.ConfiguratorFootprintPlotter:Saving plot to bohb/transfer_config/KMNIST_3_1_9_K49_3_1_9/cave/cfp_over_time/configurator_footprint2.png
DEBUG:cave.plot.configurator_footprint.ConfiguratorFootprintPlotter:Exporting to bohb/transfer_config/KMNIST_3_1_9_K49_3_1_9/cave/cfp_over_time/configurator_footprint2.png (base: bohb/transfer_config/KMNIST_3_1_9_K49_3_1_9/cave/cfp_over_time)
DEBUG:cave.plot.configurator_footprint.ConfiguratorFootprintPlotter:Exporting failed
Traceback (most recent call last):
  File "/usr/local/lib/python3.6/dist-packages/bokeh/util/dependencies.py", line 78, in detect_phantomjs
    proc = Popen([phantomjs_path, "--version"], stdout=PIPE, stderr=PIPE)
  File "/usr/lib/python3.6/subprocess.py", line 709, in __init__
    restore_signals, start_new_session)
  File "/usr/lib/python3.6/subprocess.py", line 1344, in _execute_child
    raise child_exception_type(errno_num, err_msg, err_filename)
FileNotFoundError: [Errno 2] No such file or directory: 'phantomjs': 'phantomjs'

During handling of the above exception, another exception occurred:

Traceback (most recent call last):
  File "/usr/local/lib/python3.6/dist-packages/cave/utils/io.py", line 36, in export_bokeh
    export_png(plot, filename=path)
  File "/usr/local/lib/python3.6/dist-packages/bokeh/io/export.py", line 91, in export_png
    image = get_screenshot_as_png(obj, height=height, width=width, driver=webdriver)
  File "/usr/local/lib/python3.6/dist-packages/bokeh/io/export.py", line 201, in get_screenshot_as_png
    web_driver = driver if driver is not None else webdriver_control.get()
  File "/usr/local/lib/python3.6/dist-packages/bokeh/io/webdriver.py", line 98, in get
    self.current = self.create()
  File "/usr/local/lib/python3.6/dist-packages/bokeh/io/webdriver.py", line 103, in create
    return create_phantomjs_webdriver()
  File "/usr/local/lib/python3.6/dist-packages/bokeh/io/webdriver.py", line 61, in create_phantomjs_webdriver
    phantomjs_path = detect_phantomjs()
  File "/usr/local/lib/python3.6/dist-packages/bokeh/util/dependencies.py", line 92, in detect_phantomjs
    "npm install -g phantomjs-prebuilt"')
RuntimeError: PhantomJS is not present in PATH or BOKEH_PHANTOMJS_PATH. Try "conda install phantomjs" or             "npm install -g phantomjs-prebuilt"
WARNING:cave.plot.configurator_footprint.ConfiguratorFootprintPlotter:Exporting bokeh-plot to "bohb/transfer_config/KMNIST_3_1_9_K49_3_1_9/cave/cfp_over_time/configurator_footprint2.png" failed. To activate automatic png-export, please follow instructions on CAVE's GitHub (install selenium and phantomjs-prebuilt).
DEBUG:cave.timer:func:'export_bokeh' took: 0.2174 sec (human-friendly: 0 h /0 m /0 s)
DEBUG:cave.plot.configurator_footprint.ConfiguratorFootprintPlotter:Adding checkboxes
DEBUG:cave.plot.configurator_footprint.ConfiguratorFootprintPlotter:Exporting to bohb/transfer_config/KMNIST_3_1_9_K49_3_1_9/cave/content/images/configurator_footprint.png (base: bohb/transfer_config/KMNIST_3_1_9_K49_3_1_9/cave/content/images)
DEBUG:cave.plot.configurator_footprint.ConfiguratorFootprintPlotter:Exporting failed
Traceback (most recent call last):
  File "/usr/local/lib/python3.6/dist-packages/bokeh/util/dependencies.py", line 78, in detect_phantomjs
    proc = Popen([phantomjs_path, "--version"], stdout=PIPE, stderr=PIPE)
  File "/usr/lib/python3.6/subprocess.py", line 709, in __init__
    restore_signals, start_new_session)
  File "/usr/lib/python3.6/subprocess.py", line 1344, in _execute_child
    raise child_exception_type(errno_num, err_msg, err_filename)
FileNotFoundError: [Errno 2] No such file or directory: 'phantomjs': 'phantomjs'

During handling of the above exception, another exception occurred:

Traceback (most recent call last):
  File "/usr/local/lib/python3.6/dist-packages/cave/utils/io.py", line 36, in export_bokeh
    export_png(plot, filename=path)
  File "/usr/local/lib/python3.6/dist-packages/bokeh/io/export.py", line 91, in export_png
    image = get_screenshot_as_png(obj, height=height, width=width, driver=webdriver)
  File "/usr/local/lib/python3.6/dist-packages/bokeh/io/export.py", line 201, in get_screenshot_as_png
    web_driver = driver if driver is not None else webdriver_control.get()
  File "/usr/local/lib/python3.6/dist-packages/bokeh/io/webdriver.py", line 98, in get
    self.current = self.create()
  File "/usr/local/lib/python3.6/dist-packages/bokeh/io/webdriver.py", line 103, in create
    return create_phantomjs_webdriver()
  File "/usr/local/lib/python3.6/dist-packages/bokeh/io/webdriver.py", line 61, in create_phantomjs_webdriver
    phantomjs_path = detect_phantomjs()
  File "/usr/local/lib/python3.6/dist-packages/bokeh/util/dependencies.py", line 92, in detect_phantomjs
    "npm install -g phantomjs-prebuilt"')
RuntimeError: PhantomJS is not present in PATH or BOKEH_PHANTOMJS_PATH. Try "conda install phantomjs" or             "npm install -g phantomjs-prebuilt"
WARNING:cave.plot.configurator_footprint.ConfiguratorFootprintPlotter:Exporting bokeh-plot to "bohb/transfer_config/KMNIST_3_1_9_K49_3_1_9/cave/content/images/configurator_footprint.png" failed. To activate automatic png-export, please follow instructions on CAVE's GitHub (install selenium and phantomjs-prebuilt).
DEBUG:cave.timer:func:'export_bokeh' took: 0.5058 sec (human-friendly: 0 h /0 m /0 s)
DEBUG:HTMLBuilder:No content for Meta Data, skipping in html-generation
DEBUG:HTMLBuilder:No content for Best Configuration, skipping in html-generation
DEBUG:HTMLBuilder:No content for Performance Analysis, skipping in html-generation
DEBUG:HTMLBuilder:No content for Parameter Importance, skipping in html-generation
DEBUG:HTMLBuilder:No content for Feature Analysis, skipping in html-generation
DEBUG:HTMLBuilder:No content for BOHB Plot, skipping in html-generation
DEBUG:cave.cavefacade.CAVE:Using aggregated cave-instance
DEBUG:cave.cavefacade.CAVE:Args: (), Kwargs: {}
DEBUG:cave.analyzer.cost_over_time.CostOverTime:Initialized CostOverTime with 3 runs, output to "bohb/transfer_config/KMNIST_3_1_9_K49_3_1_9/cave/"
DEBUG:cave.analyzer.cost_over_time.CostOverTime:Exporting to bohb/transfer_config/KMNIST_3_1_9_K49_3_1_9/cave/performance_over_time.png (base: bohb/transfer_config/KMNIST_3_1_9_K49_3_1_9/cave)
DEBUG:cave.analyzer.cost_over_time.CostOverTime:Exporting failed
Traceback (most recent call last):
  File "/usr/local/lib/python3.6/dist-packages/bokeh/util/dependencies.py", line 78, in detect_phantomjs
    proc = Popen([phantomjs_path, "--version"], stdout=PIPE, stderr=PIPE)
  File "/usr/lib/python3.6/subprocess.py", line 709, in __init__
    restore_signals, start_new_session)
  File "/usr/lib/python3.6/subprocess.py", line 1344, in _execute_child
    raise child_exception_type(errno_num, err_msg, err_filename)
FileNotFoundError: [Errno 2] No such file or directory: 'phantomjs': 'phantomjs'

During handling of the above exception, another exception occurred:

Traceback (most recent call last):
  File "/usr/local/lib/python3.6/dist-packages/cave/utils/io.py", line 36, in export_bokeh
    export_png(plot, filename=path)
  File "/usr/local/lib/python3.6/dist-packages/bokeh/io/export.py", line 91, in export_png
    image = get_screenshot_as_png(obj, height=height, width=width, driver=webdriver)
  File "/usr/local/lib/python3.6/dist-packages/bokeh/io/export.py", line 201, in get_screenshot_as_png
    web_driver = driver if driver is not None else webdriver_control.get()
  File "/usr/local/lib/python3.6/dist-packages/bokeh/io/webdriver.py", line 98, in get
    self.current = self.create()
  File "/usr/local/lib/python3.6/dist-packages/bokeh/io/webdriver.py", line 103, in create
    return create_phantomjs_webdriver()
  File "/usr/local/lib/python3.6/dist-packages/bokeh/io/webdriver.py", line 61, in create_phantomjs_webdriver
    phantomjs_path = detect_phantomjs()
  File "/usr/local/lib/python3.6/dist-packages/bokeh/util/dependencies.py", line 92, in detect_phantomjs
    "npm install -g phantomjs-prebuilt"')
RuntimeError: PhantomJS is not present in PATH or BOKEH_PHANTOMJS_PATH. Try "conda install phantomjs" or             "npm install -g phantomjs-prebuilt"
WARNING:cave.analyzer.cost_over_time.CostOverTime:Exporting bokeh-plot to "bohb/transfer_config/KMNIST_3_1_9_K49_3_1_9/cave/performance_over_time.png" failed. To activate automatic png-export, please follow instructions on CAVE's GitHub (install selenium and phantomjs-prebuilt).
DEBUG:cave.timer:func:'export_bokeh' took: 0.0610 sec (human-friendly: 0 h /0 m /0 s)
DEBUG:HTMLBuilder:No content for Meta Data, skipping in html-generation
DEBUG:HTMLBuilder:No content for Best Configuration, skipping in html-generation
DEBUG:HTMLBuilder:No content for Performance Analysis, skipping in html-generation
DEBUG:HTMLBuilder:No content for Parameter Importance, skipping in html-generation
DEBUG:HTMLBuilder:No content for Feature Analysis, skipping in html-generation
DEBUG:HTMLBuilder:No content for BOHB Plot, skipping in html-generation
DEBUG:cave.cavefacade.CAVE:Using aggregated cave-instance
DEBUG:cave.cavefacade.CAVE:Args: (), Kwargs: {}
DEBUG:cave.analyzer.overview_table.OverviewTable:bohb_parallel in overview: 1
DEBUG:HTMLBuilder:No content for Best Configuration, skipping in html-generation
DEBUG:HTMLBuilder:No content for Performance Analysis, skipping in html-generation
DEBUG:HTMLBuilder:No content for Parameter Importance, skipping in html-generation
DEBUG:HTMLBuilder:No content for Feature Analysis, skipping in html-generation
DEBUG:HTMLBuilder:No content for BOHB Plot, skipping in html-generation
DEBUG:cave.cavefacade.CAVE:Using 'bohb/transfer_config/KMNIST_3_1_9_K49_3_1_9/cave/content/budget_1.0' as output for pimp
DEBUG:pimp.Importance:None
DEBUG:pimp.Importance:<smac.runhistory.runhistory.RunHistory object at 0x7f81f2a9eb00>
INFO:pimp.Importance:Combined number of Runhistory data points: 9
INFO:pimp.Importance:Number of Configurations: 9
INFO:pimp.Importance:Converting Data and constructing Model
INFO:pimp.Importance:Using model <pimp.epm.base_epm.RandomForestWithInstances object at 0x7f81f16ff7f0>
DEBUG:smac.runhistory.runhistory2epm.RunHistory2EPM4Cost:Transform runhistory into X,y format
DEBUG:smac.runhistory.runhistory2epm.RunHistory2EPM4Cost:Converted 9 observations
INFO:pimp.Importance:Size of training X: (9, 5)
INFO:pimp.Importance:Size of training y: (9, 1)
INFO:pimp.Importance:Data was not imputed
INFO:pimp.Importance:Thus the size of X might be smaller than the datapoints in the RunHistory
INFO:pimp.Importance:Fitting Model
INFO:pimp.Importance:Best incumbent found in None
DEBUG:smac.utils.validate.Validator:no seed given, using default seed of 1
DEBUG:cave.cavefacade.CAVE:Validating bohb/transfer_config/KMNIST_3_1_9_K49_3_1_9/cave/budget_1.0 using epm!
DEBUG:smac.utils.validate.Validator:Gathered 2 configurations for mode def+inc.
INFO:smac.utils.validate.Validator:Collected 1 runs from 2 configurations on 1 instances with 1 repetitions. Reusing 1 runs from given runhistory.
DEBUG:smac.utils.validate.Validator:Predicting desired 1 runs, data has shape (1, 5)
DEBUG:cave.cavefacade.CAVE:Validating bohb/transfer_config/KMNIST_3_1_9_K49_3_1_9/cave/budget_3.0 using epm!
DEBUG:smac.utils.validate.Validator:Gathered 2 configurations for mode def+inc.
INFO:smac.utils.validate.Validator:Collected 1 runs from 2 configurations on 1 instances with 1 repetitions. Reusing 1 runs from given runhistory.
DEBUG:smac.utils.validate.Validator:Predicting desired 1 runs, data has shape (1, 5)
DEBUG:cave.cavefacade.CAVE:Validating bohb/transfer_config/KMNIST_3_1_9_K49_3_1_9/cave/budget_9.0 using epm!
DEBUG:smac.utils.validate.Validator:Gathered 2 configurations for mode def+inc.
INFO:smac.utils.validate.Validator:Collected 1 runs from 2 configurations on 1 instances with 1 repetitions. Reusing 1 runs from given runhistory.
DEBUG:smac.utils.validate.Validator:Predicting desired 1 runs, data has shape (1, 5)
DEBUG:cave.timer:func:'_validate_default_and_incumbents' took: 0.0122 sec (human-friendly: 0 h /0 m /0 s)
INFO:cave.cavefacade.CAVE:fANOVA...
DEBUG:cave.cavefacade.CAVE:Using budget_1.0 as cave-instance
DEBUG:cave.cavefacade.CAVE:Args: (), Kwargs: {}
INFO:cave.analyzer.cave_fanova.CaveFanova:... parameter importance fanova
INFO:pimp.Importance:Running fanova
INFO:pimp.Importance:Setting up Evaluation Method
INFO:pimp.Importance:Using model <pimp.epm.base_epm.RandomForestWithInstances object at 0x7f81f1cc3b70>
INFO:pimp.Importance:X shape (9, 5)
INFO:pimp.fANOVA:No preprocessing necessary
INFO:pimp.fANOVA:PREPROCESSING PREPROCESSING PREPROCESSING PREPROCESSING PREPROCESSING PREPROCESSING
INFO:pimp.fANOVA:Marginalizing away all instances!
DEBUG:pimp.fANOVA:Skipped 0 forbidden configurations
INFO:pimp.fANOVA:Size of training X after preprocessing: (9, 5)
INFO:pimp.fANOVA:Size of training y after preprocessing: (9, 1)
INFO:pimp.fANOVA:Finished Preprocessing
INFO:cave.analyzer.cave_fanova.CaveFanova:Encountered error 'Encountered zero total variance in all trees.' in fANOVA, this can e.g. happen with too few data-points.
Traceback (most recent call last):
  File "/usr/local/lib/python3.6/dist-packages/cave/analyzer/cave_fanova.py", line 46, in __init__
    self.parameter_importance("fanova")
  File "/usr/local/lib/python3.6/dist-packages/cave/analyzer/cave_parameter_importance.py", line 40, in parameter_importance
    self.pimp.evaluate_scenario([modus], self.output_dir)
  File "/usr/local/lib/python3.6/dist-packages/pimp/importance/importance.py", line 500, in evaluate_scenario
    dict_[self.evaluator.name.lower()] = self.evaluator.run()
  File "/usr/local/lib/python3.6/dist-packages/pimp/evaluator/fanova.py", line 167, in run
    imp = self.evaluator.quantify_importance([idx])[(idx, )]
  File "/usr/local/lib/python3.6/dist-packages/fanova/fanova.py", line 303, in quantify_importance
    raise RuntimeError('Encountered zero total variance in all trees.')
RuntimeError: Encountered zero total variance in all trees.
DEBUG:HTMLBuilder:No content for Best Configuration, skipping in html-generation
DEBUG:HTMLBuilder:No content for Performance Analysis, skipping in html-generation
DEBUG:HTMLBuilder:No content for Feature Analysis, skipping in html-generation
DEBUG:HTMLBuilder:No content for BOHB Plot, skipping in html-generation
INFO:cave.cavefacade.CAVE:Local EPM-predictions around incumbent...
DEBUG:cave.cavefacade.CAVE:Using budget_1.0 as cave-instance
DEBUG:cave.cavefacade.CAVE:Args: (), Kwargs: {}
INFO:cave.analyzer.local_parameter_importance.LocalParameterImportance:... parameter importance lpi
INFO:pimp.Importance:Running lpi
INFO:pimp.Importance:Setting up Evaluation Method
INFO:pimp.Importance:Using model <pimp.epm.base_epm.RandomForestWithInstances object at 0x7f81f1cc3b70>
INFO:pimp.Importance:X shape (9, 5)
DEBUG:pimp.LPI:params: ['batch_size', 'channel_1', 'channel_2', 'n_fc_layer', 'fc_nodes']
INFO:pimp.LPI:Sampling neighborhood of batch_size
DEBUG:pimp.LPI:	inf
INFO:pimp.LPI:--------------------------------------------------> Found 500 valid neighbors
INFO:pimp.LPI:Sampling neighborhood of channel_1
DEBUG:pimp.LPI:	inf
INFO:pimp.LPI:--------------------------------------------------> Found 500 valid neighbors
INFO:pimp.LPI:Sampling neighborhood of channel_2
DEBUG:pimp.LPI:	inf
INFO:pimp.LPI:--------------------------------------------------> Found 500 valid neighbors
INFO:pimp.LPI:Sampling neighborhood of n_fc_layer
DEBUG:pimp.LPI:	inf
INFO:pimp.LPI:--------------------------------------------------> Found 500 valid neighbors
INFO:pimp.LPI:Sampling neighborhood of fc_nodes
DEBUG:pimp.LPI:	inf
INFO:pimp.LPI:--------------------------------------------------> Found 500 valid neighbors
DEBUG:pimp.LPI:Skipped 0 forbidden neighbors
DEBUG:pimp.LPI:Skipped 0 forbidden neighbors
DEBUG:pimp.LPI:Skipped 0 forbidden neighbors
ERROR:cave.cavefacade.CAVE:name 'incumbent' is not defined
Traceback (most recent call last):
  File "/usr/local/lib/python3.6/dist-packages/cave/cavefacade.py", line 100, in wrap
    analyzer = f(self, cave, *args, **kw)
  File "/usr/local/lib/python3.6/dist-packages/cave/cavefacade.py", line 881, in local_parameter_importance
    lpi = LocalParameterImportance(cave.pimp, cave.incumbent, os.path.join(cave.output_dir, 'content'))
  File "/usr/local/lib/python3.6/dist-packages/cave/analyzer/local_parameter_importance.py", line 24, in __init__
    self.parameter_importance("lpi")
  File "/usr/local/lib/python3.6/dist-packages/cave/analyzer/cave_parameter_importance.py", line 40, in parameter_importance
    self.pimp.evaluate_scenario([modus], self.output_dir)
  File "/usr/local/lib/python3.6/dist-packages/pimp/importance/importance.py", line 500, in evaluate_scenario
    dict_[self.evaluator.name.lower()] = self.evaluator.run()
  File "/usr/local/lib/python3.6/dist-packages/pimp/evaluator/local_parameter_importance.py", line 230, in run
    mean, var = self._predict_over_instance_set(impute_inactive_values(incumbent))
NameError: name 'incumbent' is not defined
