DEBUG:cave.cavefacade.CAVE:Running CAVE version 1.1.5.dev
INFO:cave.cavefacade.CAVE:Saving results to 'experiments/bohb/KMNIST/3_2_20/cave/content/budget_6.666666666666666'
DEBUG:cave.cavefacade.CAVE:Folders: ['experiments/bohb/KMNIST/3_2_20/cave/budget_6.666666666666666']; ta-exec-dirs: ['.']
DEBUG:cave.cavefacade.CAVE:Collecting data from experiments/bohb/KMNIST/3_2_20/cave/budget_6.666666666666666.
DEBUG:cave.ConfiguratorRun.experiments/bohb/KMNIST/3_2_20/cave/budget_6.666666666666666:Loading from 'experiments/bohb/KMNIST/3_2_20/cave/budget_6.666666666666666' with ta_exec_dir '.'.
DEBUG:cave.reader:Detected 'experiments/bohb/KMNIST/3_2_20/cave/budget_6.666666666666666/configspace.json'
DEBUG:cave.reader:Ignoring experiments/bohb/KMNIST/3_2_20/cave/budget_6.666666666666666/configspace.json
DEBUG:cave.reader:Creating scenario from "."
DEBUG:smac.utils.io.cmd_reader.CMDReader:Deactivate output directory.
DEBUG:smac.utils.io.cmd_reader.CMDReader:Loading pcs as json from: experiments/bohb/KMNIST/3_2_20/cave/budget_6.666666666666666/configspace.json
DEBUG:smac.scenario.scenario.Scenario:SMAC and Scenario Options:
DEBUG:cave.ConfiguratorRun.experiments/bohb/KMNIST/3_2_20/cave/budget_6.666666666666666:RunHistory original runhistory only evaluated on 0/1 train-insts for default in folder experiments/bohb/KMNIST/3_2_20/cave/budget_6.666666666666666
DEBUG:cave.ConfiguratorRun.experiments/bohb/KMNIST/3_2_20/cave/budget_6.666666666666666:RunHistory original runhistory only evaluated on 0/1 test-insts for default in folder experiments/bohb/KMNIST/3_2_20/cave/budget_6.666666666666666
DEBUG:cave.reader.configurator_run.ConfiguratorRun:No rng and no run_id given: using a random value to initialize run_id.
INFO:cave.reader.configurator_run.ConfiguratorRun:Optimizing a deterministic scenario for quality without a tuner timeout - will make SMAC deterministic!
INFO:smac.scenario.scenario.Scenario:No output directory for scenario logging specified -- scenario will not be logged.
INFO:smac.utils.io.traj_logging.TrajLogger:No output directory for trajectory logging specified -- trajectory will not be logged.
DEBUG:cave.cavefacade.CAVE:Instances: train=0, test=0, train-features=0, test-features=0
INFO:cave.cavefacade.CAVE:No features available. Skipping feature analysis.
DEBUG:cave.cavefacade.CAVE:Update original rh with all available rhs!
DEBUG:cave.cavefacade.CAVE:Using 'experiments/bohb/KMNIST/3_2_20/cave/content/budget_6.666666666666666/content' as output for pimp
DEBUG:pimp.Importance:None
DEBUG:pimp.Importance:<smac.runhistory.runhistory.RunHistory object at 0x7fd62669c630>
INFO:pimp.Importance:Combined number of Runhistory data points: 41
INFO:pimp.Importance:Number of Configurations: 41
INFO:pimp.Importance:Converting Data and constructing Model
INFO:pimp.Importance:Using model <pimp.epm.base_epm.RandomForestWithInstances object at 0x7fd62669cb70>
DEBUG:smac.runhistory.runhistory2epm.RunHistory2EPM4Cost:Transform runhistory into X,y format
DEBUG:smac.runhistory.runhistory2epm.RunHistory2EPM4Cost:Converted 41 observations
INFO:pimp.Importance:Size of training X: (41, 30)
INFO:pimp.Importance:Size of training y: (41, 1)
INFO:pimp.Importance:Data was not imputed
INFO:pimp.Importance:Thus the size of X might be smaller than the datapoints in the RunHistory
INFO:pimp.Importance:Fitting Model
INFO:pimp.Importance:Best incumbent found in None
DEBUG:smac.utils.validate.Validator:no seed given, using default seed of 1
DEBUG:cave.cavefacade.CAVE:Validating experiments/bohb/KMNIST/3_2_20/cave/budget_6.666666666666666 using epm!
DEBUG:smac.utils.validate.Validator:Gathered 2 configurations for mode def+inc.
INFO:smac.utils.validate.Validator:Collected 1 runs from 2 configurations on 1 instances with 1 repetitions. Reusing 1 runs from given runhistory.
DEBUG:smac.utils.validate.Validator:Predicting desired 1 runs, data has shape (1, 30)
DEBUG:cave.timer:func:'_validate_default_and_incumbents' took: 0.0014 sec (human-friendly: 0 h /0 m /0 s)
DEBUG:cave.cavefacade.CAVE:Combined number of RunHistory data points for original runhistory: 41 # Configurations: 41. # Configurator runs: 1
DEBUG:cave.cavefacade.CAVE:Combined number of RunHistory data points for validated runhistory: 41 # Configurations: 41. # Configurator runs: 1
DEBUG:cave.cavefacade.CAVE:Combined number of RunHistory data points for epm runhistory: 42 # Configurations: 42. # Configurator runs: 1
DEBUG:cave.cavefacade.CAVE:Overall best run: experiments/bohb/KMNIST/3_2_20/cave/budget_6.666666666666666, with incumbent: Configuration:
  activation, Value: 'relu'
  amsgrad, Value: 'True'
  batch_size, Value: '50'
  batchnorm, Value: 'True'
  channel_1, Value: 7
  channel_2, Value: '4'
  dropout, Value: 'True'
  fc_1, Value: 779
  kernel_1, Value: '5'
  kernel_2, Value: '3'
  learning_rate, Value: 0.0019902638155517307
  maxpool_1, Value: 'False'
  model_optimizer, Value: 'adam'
  n_conv_layer, Value: 2
  n_fc_layer, Value: 2
  padding_1, Value: 1
  padding_2, Value: 1
  stride_1, Value: 1
  stride_2, Value: 2

DEBUG:cave.settings:Output-file for debug-log: 'experiments/bohb/KMNIST/3_2_20/cave/content/budget_20.0/debug/debug.log'
DEBUG:cave.settings:Output-dir for debug 'experiments/bohb/KMNIST/3_2_20/cave/content/budget_20.0/debug' does not exist, creating...
DEBUG:cave.cavefacade.CAVE:Running CAVE version 1.1.5.dev
INFO:cave.cavefacade.CAVE:Saving results to 'experiments/bohb/KMNIST/3_2_20/cave/content/budget_20.0'
DEBUG:cave.cavefacade.CAVE:Folders: ['experiments/bohb/KMNIST/3_2_20/cave/budget_20.0']; ta-exec-dirs: ['.']
DEBUG:cave.cavefacade.CAVE:Collecting data from experiments/bohb/KMNIST/3_2_20/cave/budget_20.0.
DEBUG:cave.ConfiguratorRun.experiments/bohb/KMNIST/3_2_20/cave/budget_20.0:Loading from 'experiments/bohb/KMNIST/3_2_20/cave/budget_20.0' with ta_exec_dir '.'.
DEBUG:cave.reader:Detected 'experiments/bohb/KMNIST/3_2_20/cave/budget_20.0/configspace.json'
DEBUG:cave.reader:Ignoring experiments/bohb/KMNIST/3_2_20/cave/budget_20.0/configspace.json
DEBUG:cave.reader:Creating scenario from "."
DEBUG:smac.utils.io.cmd_reader.CMDReader:Deactivate output directory.
DEBUG:smac.utils.io.cmd_reader.CMDReader:Loading pcs as json from: experiments/bohb/KMNIST/3_2_20/cave/budget_20.0/configspace.json
DEBUG:smac.scenario.scenario.Scenario:SMAC and Scenario Options:
DEBUG:cave.ConfiguratorRun.experiments/bohb/KMNIST/3_2_20/cave/budget_20.0:RunHistory original runhistory only evaluated on 0/1 train-insts for default in folder experiments/bohb/KMNIST/3_2_20/cave/budget_20.0
DEBUG:cave.ConfiguratorRun.experiments/bohb/KMNIST/3_2_20/cave/budget_20.0:RunHistory original runhistory only evaluated on 0/1 test-insts for default in folder experiments/bohb/KMNIST/3_2_20/cave/budget_20.0
DEBUG:cave.reader.configurator_run.ConfiguratorRun:No rng and no run_id given: using a random value to initialize run_id.
INFO:cave.reader.configurator_run.ConfiguratorRun:Optimizing a deterministic scenario for quality without a tuner timeout - will make SMAC deterministic!
INFO:smac.scenario.scenario.Scenario:No output directory for scenario logging specified -- scenario will not be logged.
INFO:smac.utils.io.traj_logging.TrajLogger:No output directory for trajectory logging specified -- trajectory will not be logged.
DEBUG:cave.cavefacade.CAVE:Instances: train=0, test=0, train-features=0, test-features=0
INFO:cave.cavefacade.CAVE:No features available. Skipping feature analysis.
DEBUG:cave.cavefacade.CAVE:Update original rh with all available rhs!
DEBUG:cave.cavefacade.CAVE:Using 'experiments/bohb/KMNIST/3_2_20/cave/content/budget_20.0/content' as output for pimp
DEBUG:pimp.Importance:None
DEBUG:pimp.Importance:<smac.runhistory.runhistory.RunHistory object at 0x7fd62660e9e8>
INFO:pimp.Importance:Combined number of Runhistory data points: 32
INFO:pimp.Importance:Number of Configurations: 32
INFO:pimp.Importance:Converting Data and constructing Model
INFO:pimp.Importance:Using model <pimp.epm.base_epm.RandomForestWithInstances object at 0x7fd62660ef28>
DEBUG:smac.runhistory.runhistory2epm.RunHistory2EPM4Cost:Transform runhistory into X,y format
DEBUG:smac.runhistory.runhistory2epm.RunHistory2EPM4Cost:Converted 32 observations
INFO:pimp.Importance:Size of training X: (32, 30)
INFO:pimp.Importance:Size of training y: (32, 1)
INFO:pimp.Importance:Data was not imputed
INFO:pimp.Importance:Thus the size of X might be smaller than the datapoints in the RunHistory
INFO:pimp.Importance:Fitting Model
INFO:pimp.Importance:Best incumbent found in None
DEBUG:smac.utils.validate.Validator:no seed given, using default seed of 1
DEBUG:cave.cavefacade.CAVE:Validating experiments/bohb/KMNIST/3_2_20/cave/budget_20.0 using epm!
DEBUG:smac.utils.validate.Validator:Gathered 2 configurations for mode def+inc.
INFO:smac.utils.validate.Validator:Collected 1 runs from 2 configurations on 1 instances with 1 repetitions. Reusing 1 runs from given runhistory.
DEBUG:smac.utils.validate.Validator:Predicting desired 1 runs, data has shape (1, 30)
DEBUG:cave.timer:func:'_validate_default_and_incumbents' took: 0.0015 sec (human-friendly: 0 h /0 m /0 s)
DEBUG:cave.cavefacade.CAVE:Combined number of RunHistory data points for original runhistory: 32 # Configurations: 32. # Configurator runs: 1
DEBUG:cave.cavefacade.CAVE:Combined number of RunHistory data points for validated runhistory: 32 # Configurations: 32. # Configurator runs: 1
DEBUG:cave.cavefacade.CAVE:Combined number of RunHistory data points for epm runhistory: 33 # Configurations: 33. # Configurator runs: 1
DEBUG:cave.cavefacade.CAVE:Overall best run: experiments/bohb/KMNIST/3_2_20/cave/budget_20.0, with incumbent: Configuration:
  activation, Value: 'relu'
  amsgrad, Value: 'True'
  batch_size, Value: '200'
  batchnorm, Value: 'True'
  channel_1, Value: 8
  channel_2, Value: '4'
  dropout, Value: 'True'
  fc_1, Value: 301
  kernel_1, Value: '7'
  kernel_2, Value: '5'
  learning_rate, Value: 0.002090936974113778
  model_optimizer, Value: 'adam'
  n_conv_layer, Value: 2
  n_fc_layer, Value: 2
  padding_1, Value: 0
  padding_2, Value: 0
  stride_1, Value: 2
  stride_2, Value: 2

DEBUG:root:CAVE is called with arguments: Namespace(algorithm_footprints=True, cfp=True, cfp_max_plot=-1, cfp_number_quantiles=3, cfp_time_slider='off', cost_over_time=True, ecdf=True, fanova_pairwise=True, feature_analysis='all', file_format='BOHB', folders=['experiments/bohb/KMNIST/3_2_20/'], jupyter='off', output='experiments/bohb/KMNIST/3_2_20/cave', parallel_coordinates=True, parameter_importance='all', pc_sort_by='all', pimp_max_samples=-1, pimp_sort_table_by='average', scatter_plots=True, seed=42, ta_exec_dir='.', tabular_analysis=True, validation='epm', validation_format='NONE', verbose_level='INFO')
DEBUG:cave.cavefacade.CAVE:Using aggregated cave-instance
DEBUG:cave.cavefacade.CAVE:Args: (), Kwargs: {}
DEBUG:cave.analyzer.budget_correlation.BudgetCorrelation:During budget correlation a <class 'bokeh.util.warnings.BokehUserWarning'> was raised: ColumnDataSource's columns must be of the same length. Current lengths: ('budget_2.2222222222222223', 100), ('budget_20.0', 100), ('budget_6.666666666666666', 100), ('x', 0), ('y', 0)
DEBUG:HTMLBuilder:No content for Meta Data, skipping in html-generation
DEBUG:HTMLBuilder:No content for Best Configuration, skipping in html-generation
DEBUG:HTMLBuilder:No content for Performance Analysis, skipping in html-generation
DEBUG:HTMLBuilder:No content for Configurators Behavior, skipping in html-generation
DEBUG:HTMLBuilder:No content for Parameter Importance, skipping in html-generation
DEBUG:HTMLBuilder:No content for Feature Analysis, skipping in html-generation
DEBUG:HTMLBuilder:No content for BOHB Plot, skipping in html-generation
DEBUG:cave.cavefacade.CAVE:Using aggregated cave-instance
DEBUG:cave.cavefacade.CAVE:Args: (), Kwargs: {}
DEBUG:cave.analyzer.bohb_learning_curves.BohbLearningCurves:Assuming config_info to be either "model_based_pick=True" or "model_based_pick=False"
DEBUG:cave.analyzer.bohb_learning_curves.BohbLearningCurves:iteration_labels: ['00', '01', '02', '03', '04', '05', '06', '07', '08', '09', '10', '11', '12', '13', '14', '15', '16', '17', '18', '19']
DEBUG:cave.analyzer.bohb_learning_curves.BohbLearningCurves:HB_iterations: ['0', '1', '10', '11', '12', '13', '14', '15', '16', '17', '18', '19', '2', '3', '4', '5', '6', '7', '8', '9']
DEBUG:HTMLBuilder:No content for Meta Data, skipping in html-generation
DEBUG:HTMLBuilder:No content for Best Configuration, skipping in html-generation
DEBUG:HTMLBuilder:No content for Performance Analysis, skipping in html-generation
DEBUG:HTMLBuilder:No content for Configurators Behavior, skipping in html-generation
DEBUG:HTMLBuilder:No content for Parameter Importance, skipping in html-generation
DEBUG:HTMLBuilder:No content for Feature Analysis, skipping in html-generation
DEBUG:HTMLBuilder:No content for BOHB Plot, skipping in html-generation
DEBUG:cave.cavefacade.CAVE:Using aggregated cave-instance
DEBUG:cave.cavefacade.CAVE:Args: (), Kwargs: {}
INFO:cave.analyzer.bohb_incumbents_per_budget.BohbIncumbentsPerBudget:... create performance table
DEBUG:HTMLBuilder:No content for Meta Data, skipping in html-generation
DEBUG:HTMLBuilder:No content for Best Configuration, skipping in html-generation
DEBUG:HTMLBuilder:No content for Performance Analysis, skipping in html-generation
DEBUG:HTMLBuilder:No content for Configurators Behavior, skipping in html-generation
DEBUG:HTMLBuilder:No content for Parameter Importance, skipping in html-generation
DEBUG:HTMLBuilder:No content for Feature Analysis, skipping in html-generation
DEBUG:HTMLBuilder:No content for BOHB Plot, skipping in html-generation
DEBUG:cave.cavefacade.CAVE:Using aggregated cave-instance
DEBUG:cave.cavefacade.CAVE:Args: (), Kwargs: {'use_timeslider': False, 'max_confs': -1, 'num_quantiles': 3}
INFO:cave.cavefacade.CAVE:... visualizing explored configspace (this may take a long time, if there is a lot of data - deactive with --no_configurator_footprint)
INFO:cave.analyzer.configurator_footprint.ConfiguratorFootprint:... visualizing explored configspace (this may take a long time, if there is a lot of data - deactive with --no_configurator_footprint)
DEBUG:cave.plot.configurator_footprint.ConfiguratorFootprintPlotter:Creating 3 quantiles with a total number of runs of 100
DEBUG:cave.plot.configurator_footprint.ConfiguratorFootprintPlotter:Ranges: [0, 4, 13, 100]
DEBUG:cave.plot.configurator_footprint.ConfiguratorFootprintPlotter:Labels: ['136.23', '1865.00', '19765.84']
DEBUG:cave.timer:func:'_get_runs_per_config_quantiled' took: 0.0125 sec (human-friendly: 0 h /0 m /0 s)
DEBUG:cave.plot.configurator_footprint.ConfiguratorFootprintPlotter:Min runs per conf: 1, Max runs per conf: 1
DEBUG:cave.plot.configurator_footprint.ConfiguratorFootprintPlotter:Gathered 100 configurations from 1 runhistories.
DEBUG:cave.timer:func:'get_conf_matrix' took: 0.0158 sec (human-friendly: 0 h /0 m /0 s)
DEBUG:cave.plot.configurator_footprint.ConfiguratorFootprintPlotter:Number of Configurations: 100
DEBUG:cave.plot.configurator_footprint.ConfiguratorFootprintPlotter:Calculate distance between configurations.
DEBUG:cave.plot.configurator_footprint.ConfiguratorFootprintPlotter:0.00% of all distances calculated in 0.00 seconds...
DEBUG:cave.plot.configurator_footprint.ConfiguratorFootprintPlotter:20.00% of all distances calculated in 0.03 seconds...
DEBUG:cave.plot.configurator_footprint.ConfiguratorFootprintPlotter:40.00% of all distances calculated in 0.05 seconds...
DEBUG:cave.plot.configurator_footprint.ConfiguratorFootprintPlotter:60.00% of all distances calculated in 0.06 seconds...
DEBUG:cave.plot.configurator_footprint.ConfiguratorFootprintPlotter:80.00% of all distances calculated in 0.07 seconds...
DEBUG:cave.timer:func:'get_distance' took: 0.0698 sec (human-friendly: 0 h /0 m /0 s)
DEBUG:cave.plot.configurator_footprint.ConfiguratorFootprintPlotter:MDS-stress: 129313.972884
DEBUG:cave.timer:func:'get_mds' took: 0.2464 sec (human-friendly: 0 h /0 m /0 s)
DEBUG:cave.plot.configurator_footprint.ConfiguratorFootprintPlotter:Convert data for epm.
DEBUG:smac.runhistory.runhistory2epm.RunHistory2EPM4Cost:Transform runhistory into X,y format
DEBUG:smac.runhistory.runhistory2epm.RunHistory2EPM4Cost:Converted 100 observations
DEBUG:cave.plot.configurator_footprint.ConfiguratorFootprintPlotter:Train random forest for contour-plot.
DEBUG:cave.plot.configurator_footprint.ConfiguratorFootprintPlotter:Fitting random forest took 0.001399 time
DEBUG:cave.plot.configurator_footprint.ConfiguratorFootprintPlotter:x_min: -12.985244, x_max: 12.302986, y_min: -12.136423, y_max: 12.485357
DEBUG:cave.plot.configurator_footprint.ConfiguratorFootprintPlotter:Predict on 15748 samples in grid to get surface (step-size: 0.200000)
DEBUG:cave.plot.configurator_footprint.ConfiguratorFootprintPlotter:Predicting random forest took 1.793948 time
DEBUG:cave.timer:func:'get_pred_surface' took: 1.8742 sec (human-friendly: 0 h /0 m /1 s)
DEBUG:cave.plot.configurator_footprint.ConfiguratorFootprintPlotter:Convert data for epm.
DEBUG:smac.runhistory.runhistory2epm.RunHistory2EPM4Cost:Transform runhistory into X,y format
DEBUG:smac.runhistory.runhistory2epm.RunHistory2EPM4Cost:Converted 62 observations
DEBUG:cave.plot.configurator_footprint.ConfiguratorFootprintPlotter:Train random forest for contour-plot.
DEBUG:cave.plot.configurator_footprint.ConfiguratorFootprintPlotter:Fitting random forest took 0.000865 time
DEBUG:cave.plot.configurator_footprint.ConfiguratorFootprintPlotter:x_min: -12.985244, x_max: 12.302986, y_min: -12.136423, y_max: 12.485357
DEBUG:cave.plot.configurator_footprint.ConfiguratorFootprintPlotter:Predict on 15748 samples in grid to get surface (step-size: 0.200000)
DEBUG:cave.plot.configurator_footprint.ConfiguratorFootprintPlotter:Predicting random forest took 1.778599 time
DEBUG:cave.timer:func:'get_pred_surface' took: 1.8471 sec (human-friendly: 0 h /0 m /1 s)
DEBUG:cave.plot.configurator_footprint.ConfiguratorFootprintPlotter:Convert data for epm.
DEBUG:smac.runhistory.runhistory2epm.RunHistory2EPM4Cost:Transform runhistory into X,y format
DEBUG:smac.runhistory.runhistory2epm.RunHistory2EPM4Cost:Converted 41 observations
DEBUG:cave.plot.configurator_footprint.ConfiguratorFootprintPlotter:Train random forest for contour-plot.
DEBUG:cave.plot.configurator_footprint.ConfiguratorFootprintPlotter:Fitting random forest took 0.000596 time
DEBUG:cave.plot.configurator_footprint.ConfiguratorFootprintPlotter:x_min: -12.985244, x_max: 12.302986, y_min: -12.136423, y_max: 12.485357
DEBUG:cave.plot.configurator_footprint.ConfiguratorFootprintPlotter:Predict on 15748 samples in grid to get surface (step-size: 0.200000)
DEBUG:cave.plot.configurator_footprint.ConfiguratorFootprintPlotter:Predicting random forest took 1.768513 time
DEBUG:cave.timer:func:'get_pred_surface' took: 1.8299 sec (human-friendly: 0 h /0 m /1 s)
DEBUG:cave.plot.configurator_footprint.ConfiguratorFootprintPlotter:Convert data for epm.
DEBUG:smac.runhistory.runhistory2epm.RunHistory2EPM4Cost:Transform runhistory into X,y format
DEBUG:smac.runhistory.runhistory2epm.RunHistory2EPM4Cost:Converted 32 observations
DEBUG:cave.plot.configurator_footprint.ConfiguratorFootprintPlotter:Train random forest for contour-plot.
DEBUG:cave.plot.configurator_footprint.ConfiguratorFootprintPlotter:Fitting random forest took 0.000434 time
DEBUG:cave.plot.configurator_footprint.ConfiguratorFootprintPlotter:x_min: -12.985244, x_max: 12.302986, y_min: -12.136423, y_max: 12.485357
DEBUG:cave.plot.configurator_footprint.ConfiguratorFootprintPlotter:Predict on 15748 samples in grid to get surface (step-size: 0.200000)
DEBUG:cave.plot.configurator_footprint.ConfiguratorFootprintPlotter:Predicting random forest took 1.765769 time
DEBUG:cave.timer:func:'get_pred_surface' took: 1.8244 sec (human-friendly: 0 h /0 m /1 s)
DEBUG:cave.timer:func:'_plot_contour' took: 0.0094 sec (human-friendly: 0 h /0 m /0 s)
DEBUG:cave.plot.configurator_footprint.ConfiguratorFootprintPlotter:36 different glyph renderers, 1 different zorder-values
DEBUG:cave.timer:func:'_scatter' took: 0.0262 sec (human-friendly: 0 h /0 m /0 s)
DEBUG:cave.plot.configurator_footprint.ConfiguratorFootprintPlotter:Quantile 0: 36 scatter-handles
DEBUG:cave.plot.configurator_footprint.ConfiguratorFootprintPlotter:Saving plot to experiments/bohb/KMNIST/3_2_20/cave/cfp_over_time/configurator_footprint0.png
DEBUG:cave.plot.configurator_footprint.ConfiguratorFootprintPlotter:Exporting to experiments/bohb/KMNIST/3_2_20/cave/cfp_over_time/configurator_footprint0.png (base: experiments/bohb/KMNIST/3_2_20/cave/cfp_over_time)
DEBUG:cave.plot.configurator_footprint.ConfiguratorFootprintPlotter:experiments/bohb/KMNIST/3_2_20/cave/cfp_over_time does not exist. Creating...
DEBUG:cave.plot.configurator_footprint.ConfiguratorFootprintPlotter:Exporting failed
Traceback (most recent call last):
  File "/usr/local/lib/python3.6/dist-packages/bokeh/util/dependencies.py", line 78, in detect_phantomjs
    proc = Popen([phantomjs_path, "--version"], stdout=PIPE, stderr=PIPE)
  File "/usr/lib/python3.6/subprocess.py", line 709, in __init__
    restore_signals, start_new_session)
  File "/usr/lib/python3.6/subprocess.py", line 1344, in _execute_child
    raise child_exception_type(errno_num, err_msg, err_filename)
FileNotFoundError: [Errno 2] No such file or directory: 'phantomjs': 'phantomjs'

During handling of the above exception, another exception occurred:

Traceback (most recent call last):
  File "/usr/local/lib/python3.6/dist-packages/cave/utils/io.py", line 36, in export_bokeh
    export_png(plot, filename=path)
  File "/usr/local/lib/python3.6/dist-packages/bokeh/io/export.py", line 91, in export_png
    image = get_screenshot_as_png(obj, height=height, width=width, driver=webdriver)
  File "/usr/local/lib/python3.6/dist-packages/bokeh/io/export.py", line 201, in get_screenshot_as_png
    web_driver = driver if driver is not None else webdriver_control.get()
  File "/usr/local/lib/python3.6/dist-packages/bokeh/io/webdriver.py", line 98, in get
    self.current = self.create()
  File "/usr/local/lib/python3.6/dist-packages/bokeh/io/webdriver.py", line 103, in create
    return create_phantomjs_webdriver()
  File "/usr/local/lib/python3.6/dist-packages/bokeh/io/webdriver.py", line 61, in create_phantomjs_webdriver
    phantomjs_path = detect_phantomjs()
  File "/usr/local/lib/python3.6/dist-packages/bokeh/util/dependencies.py", line 92, in detect_phantomjs
    "npm install -g phantomjs-prebuilt"')
RuntimeError: PhantomJS is not present in PATH or BOKEH_PHANTOMJS_PATH. Try "conda install phantomjs" or             "npm install -g phantomjs-prebuilt"
WARNING:cave.plot.configurator_footprint.ConfiguratorFootprintPlotter:Exporting bokeh-plot to "experiments/bohb/KMNIST/3_2_20/cave/cfp_over_time/configurator_footprint0.png" failed. To activate automatic png-export, please follow instructions on CAVE's GitHub (install selenium and phantomjs-prebuilt).
DEBUG:cave.timer:func:'export_bokeh' took: 0.6333 sec (human-friendly: 0 h /0 m /0 s)
DEBUG:cave.timer:func:'_plot_contour' took: 0.0122 sec (human-friendly: 0 h /0 m /0 s)
DEBUG:cave.plot.configurator_footprint.ConfiguratorFootprintPlotter:36 different glyph renderers, 1 different zorder-values
DEBUG:cave.timer:func:'_scatter' took: 0.0265 sec (human-friendly: 0 h /0 m /0 s)
DEBUG:cave.plot.configurator_footprint.ConfiguratorFootprintPlotter:Quantile 1: 36 scatter-handles
DEBUG:cave.plot.configurator_footprint.ConfiguratorFootprintPlotter:Saving plot to experiments/bohb/KMNIST/3_2_20/cave/cfp_over_time/configurator_footprint1.png
DEBUG:cave.plot.configurator_footprint.ConfiguratorFootprintPlotter:Exporting to experiments/bohb/KMNIST/3_2_20/cave/cfp_over_time/configurator_footprint1.png (base: experiments/bohb/KMNIST/3_2_20/cave/cfp_over_time)
DEBUG:cave.plot.configurator_footprint.ConfiguratorFootprintPlotter:Exporting failed
Traceback (most recent call last):
  File "/usr/local/lib/python3.6/dist-packages/bokeh/util/dependencies.py", line 78, in detect_phantomjs
    proc = Popen([phantomjs_path, "--version"], stdout=PIPE, stderr=PIPE)
  File "/usr/lib/python3.6/subprocess.py", line 709, in __init__
    restore_signals, start_new_session)
  File "/usr/lib/python3.6/subprocess.py", line 1344, in _execute_child
    raise child_exception_type(errno_num, err_msg, err_filename)
FileNotFoundError: [Errno 2] No such file or directory: 'phantomjs': 'phantomjs'

During handling of the above exception, another exception occurred:

Traceback (most recent call last):
  File "/usr/local/lib/python3.6/dist-packages/cave/utils/io.py", line 36, in export_bokeh
    export_png(plot, filename=path)
  File "/usr/local/lib/python3.6/dist-packages/bokeh/io/export.py", line 91, in export_png
    image = get_screenshot_as_png(obj, height=height, width=width, driver=webdriver)
  File "/usr/local/lib/python3.6/dist-packages/bokeh/io/export.py", line 201, in get_screenshot_as_png
    web_driver = driver if driver is not None else webdriver_control.get()
  File "/usr/local/lib/python3.6/dist-packages/bokeh/io/webdriver.py", line 98, in get
    self.current = self.create()
  File "/usr/local/lib/python3.6/dist-packages/bokeh/io/webdriver.py", line 103, in create
    return create_phantomjs_webdriver()
  File "/usr/local/lib/python3.6/dist-packages/bokeh/io/webdriver.py", line 61, in create_phantomjs_webdriver
    phantomjs_path = detect_phantomjs()
  File "/usr/local/lib/python3.6/dist-packages/bokeh/util/dependencies.py", line 92, in detect_phantomjs
    "npm install -g phantomjs-prebuilt"')
RuntimeError: PhantomJS is not present in PATH or BOKEH_PHANTOMJS_PATH. Try "conda install phantomjs" or             "npm install -g phantomjs-prebuilt"
WARNING:cave.plot.configurator_footprint.ConfiguratorFootprintPlotter:Exporting bokeh-plot to "experiments/bohb/KMNIST/3_2_20/cave/cfp_over_time/configurator_footprint1.png" failed. To activate automatic png-export, please follow instructions on CAVE's GitHub (install selenium and phantomjs-prebuilt).
DEBUG:cave.timer:func:'export_bokeh' took: 0.1674 sec (human-friendly: 0 h /0 m /0 s)
DEBUG:cave.timer:func:'_plot_contour' took: 0.0088 sec (human-friendly: 0 h /0 m /0 s)
DEBUG:cave.plot.configurator_footprint.ConfiguratorFootprintPlotter:36 different glyph renderers, 1 different zorder-values
DEBUG:cave.timer:func:'_scatter' took: 0.0267 sec (human-friendly: 0 h /0 m /0 s)
DEBUG:cave.plot.configurator_footprint.ConfiguratorFootprintPlotter:Quantile 2: 36 scatter-handles
DEBUG:cave.plot.configurator_footprint.ConfiguratorFootprintPlotter:Saving plot to experiments/bohb/KMNIST/3_2_20/cave/cfp_over_time/configurator_footprint2.png
DEBUG:cave.plot.configurator_footprint.ConfiguratorFootprintPlotter:Exporting to experiments/bohb/KMNIST/3_2_20/cave/cfp_over_time/configurator_footprint2.png (base: experiments/bohb/KMNIST/3_2_20/cave/cfp_over_time)
DEBUG:cave.plot.configurator_footprint.ConfiguratorFootprintPlotter:Exporting failed
Traceback (most recent call last):
  File "/usr/local/lib/python3.6/dist-packages/bokeh/util/dependencies.py", line 78, in detect_phantomjs
    proc = Popen([phantomjs_path, "--version"], stdout=PIPE, stderr=PIPE)
  File "/usr/lib/python3.6/subprocess.py", line 709, in __init__
    restore_signals, start_new_session)
  File "/usr/lib/python3.6/subprocess.py", line 1344, in _execute_child
    raise child_exception_type(errno_num, err_msg, err_filename)
FileNotFoundError: [Errno 2] No such file or directory: 'phantomjs': 'phantomjs'

During handling of the above exception, another exception occurred:

Traceback (most recent call last):
  File "/usr/local/lib/python3.6/dist-packages/cave/utils/io.py", line 36, in export_bokeh
    export_png(plot, filename=path)
  File "/usr/local/lib/python3.6/dist-packages/bokeh/io/export.py", line 91, in export_png
    image = get_screenshot_as_png(obj, height=height, width=width, driver=webdriver)
  File "/usr/local/lib/python3.6/dist-packages/bokeh/io/export.py", line 201, in get_screenshot_as_png
    web_driver = driver if driver is not None else webdriver_control.get()
  File "/usr/local/lib/python3.6/dist-packages/bokeh/io/webdriver.py", line 98, in get
    self.current = self.create()
  File "/usr/local/lib/python3.6/dist-packages/bokeh/io/webdriver.py", line 103, in create
    return create_phantomjs_webdriver()
  File "/usr/local/lib/python3.6/dist-packages/bokeh/io/webdriver.py", line 61, in create_phantomjs_webdriver
    phantomjs_path = detect_phantomjs()
  File "/usr/local/lib/python3.6/dist-packages/bokeh/util/dependencies.py", line 92, in detect_phantomjs
    "npm install -g phantomjs-prebuilt"')
RuntimeError: PhantomJS is not present in PATH or BOKEH_PHANTOMJS_PATH. Try "conda install phantomjs" or             "npm install -g phantomjs-prebuilt"
WARNING:cave.plot.configurator_footprint.ConfiguratorFootprintPlotter:Exporting bokeh-plot to "experiments/bohb/KMNIST/3_2_20/cave/cfp_over_time/configurator_footprint2.png" failed. To activate automatic png-export, please follow instructions on CAVE's GitHub (install selenium and phantomjs-prebuilt).
DEBUG:cave.timer:func:'export_bokeh' took: 0.1948 sec (human-friendly: 0 h /0 m /0 s)
DEBUG:cave.plot.configurator_footprint.ConfiguratorFootprintPlotter:Adding checkboxes
DEBUG:cave.plot.configurator_footprint.ConfiguratorFootprintPlotter:Exporting to experiments/bohb/KMNIST/3_2_20/cave/content/images/configurator_footprint.png (base: experiments/bohb/KMNIST/3_2_20/cave/content/images)
DEBUG:cave.plot.configurator_footprint.ConfiguratorFootprintPlotter:Exporting failed
Traceback (most recent call last):
  File "/usr/local/lib/python3.6/dist-packages/bokeh/util/dependencies.py", line 78, in detect_phantomjs
    proc = Popen([phantomjs_path, "--version"], stdout=PIPE, stderr=PIPE)
  File "/usr/lib/python3.6/subprocess.py", line 709, in __init__
    restore_signals, start_new_session)
  File "/usr/lib/python3.6/subprocess.py", line 1344, in _execute_child
    raise child_exception_type(errno_num, err_msg, err_filename)
FileNotFoundError: [Errno 2] No such file or directory: 'phantomjs': 'phantomjs'

During handling of the above exception, another exception occurred:

Traceback (most recent call last):
  File "/usr/local/lib/python3.6/dist-packages/cave/utils/io.py", line 36, in export_bokeh
    export_png(plot, filename=path)
  File "/usr/local/lib/python3.6/dist-packages/bokeh/io/export.py", line 91, in export_png
    image = get_screenshot_as_png(obj, height=height, width=width, driver=webdriver)
  File "/usr/local/lib/python3.6/dist-packages/bokeh/io/export.py", line 201, in get_screenshot_as_png
    web_driver = driver if driver is not None else webdriver_control.get()
  File "/usr/local/lib/python3.6/dist-packages/bokeh/io/webdriver.py", line 98, in get
    self.current = self.create()
  File "/usr/local/lib/python3.6/dist-packages/bokeh/io/webdriver.py", line 103, in create
    return create_phantomjs_webdriver()
  File "/usr/local/lib/python3.6/dist-packages/bokeh/io/webdriver.py", line 61, in create_phantomjs_webdriver
    phantomjs_path = detect_phantomjs()
  File "/usr/local/lib/python3.6/dist-packages/bokeh/util/dependencies.py", line 92, in detect_phantomjs
    "npm install -g phantomjs-prebuilt"')
RuntimeError: PhantomJS is not present in PATH or BOKEH_PHANTOMJS_PATH. Try "conda install phantomjs" or             "npm install -g phantomjs-prebuilt"
WARNING:cave.plot.configurator_footprint.ConfiguratorFootprintPlotter:Exporting bokeh-plot to "experiments/bohb/KMNIST/3_2_20/cave/content/images/configurator_footprint.png" failed. To activate automatic png-export, please follow instructions on CAVE's GitHub (install selenium and phantomjs-prebuilt).
DEBUG:cave.timer:func:'export_bokeh' took: 0.4370 sec (human-friendly: 0 h /0 m /0 s)
DEBUG:HTMLBuilder:No content for Meta Data, skipping in html-generation
DEBUG:HTMLBuilder:No content for Best Configuration, skipping in html-generation
DEBUG:HTMLBuilder:No content for Performance Analysis, skipping in html-generation
DEBUG:HTMLBuilder:No content for Parameter Importance, skipping in html-generation
DEBUG:HTMLBuilder:No content for Feature Analysis, skipping in html-generation
DEBUG:HTMLBuilder:No content for BOHB Plot, skipping in html-generation
DEBUG:cave.cavefacade.CAVE:Using aggregated cave-instance
DEBUG:cave.cavefacade.CAVE:Args: (), Kwargs: {}
DEBUG:cave.analyzer.cost_over_time.CostOverTime:Initialized CostOverTime with 3 runs, output to "experiments/bohb/KMNIST/3_2_20/cave"
DEBUG:cave.analyzer.cost_over_time.CostOverTime:Exporting to experiments/bohb/KMNIST/3_2_20/cave/performance_over_time.png (base: experiments/bohb/KMNIST/3_2_20/cave)
DEBUG:cave.analyzer.cost_over_time.CostOverTime:Exporting failed
Traceback (most recent call last):
  File "/usr/local/lib/python3.6/dist-packages/bokeh/util/dependencies.py", line 78, in detect_phantomjs
    proc = Popen([phantomjs_path, "--version"], stdout=PIPE, stderr=PIPE)
  File "/usr/lib/python3.6/subprocess.py", line 709, in __init__
    restore_signals, start_new_session)
  File "/usr/lib/python3.6/subprocess.py", line 1344, in _execute_child
    raise child_exception_type(errno_num, err_msg, err_filename)
FileNotFoundError: [Errno 2] No such file or directory: 'phantomjs': 'phantomjs'

During handling of the above exception, another exception occurred:

Traceback (most recent call last):
  File "/usr/local/lib/python3.6/dist-packages/cave/utils/io.py", line 36, in export_bokeh
    export_png(plot, filename=path)
  File "/usr/local/lib/python3.6/dist-packages/bokeh/io/export.py", line 91, in export_png
    image = get_screenshot_as_png(obj, height=height, width=width, driver=webdriver)
  File "/usr/local/lib/python3.6/dist-packages/bokeh/io/export.py", line 201, in get_screenshot_as_png
    web_driver = driver if driver is not None else webdriver_control.get()
  File "/usr/local/lib/python3.6/dist-packages/bokeh/io/webdriver.py", line 98, in get
    self.current = self.create()
  File "/usr/local/lib/python3.6/dist-packages/bokeh/io/webdriver.py", line 103, in create
    return create_phantomjs_webdriver()
  File "/usr/local/lib/python3.6/dist-packages/bokeh/io/webdriver.py", line 61, in create_phantomjs_webdriver
    phantomjs_path = detect_phantomjs()
  File "/usr/local/lib/python3.6/dist-packages/bokeh/util/dependencies.py", line 92, in detect_phantomjs
    "npm install -g phantomjs-prebuilt"')
RuntimeError: PhantomJS is not present in PATH or BOKEH_PHANTOMJS_PATH. Try "conda install phantomjs" or             "npm install -g phantomjs-prebuilt"
WARNING:cave.analyzer.cost_over_time.CostOverTime:Exporting bokeh-plot to "experiments/bohb/KMNIST/3_2_20/cave/performance_over_time.png" failed. To activate automatic png-export, please follow instructions on CAVE's GitHub (install selenium and phantomjs-prebuilt).
DEBUG:cave.timer:func:'export_bokeh' took: 0.0379 sec (human-friendly: 0 h /0 m /0 s)
DEBUG:HTMLBuilder:No content for Meta Data, skipping in html-generation
DEBUG:HTMLBuilder:No content for Best Configuration, skipping in html-generation
DEBUG:HTMLBuilder:No content for Performance Analysis, skipping in html-generation
DEBUG:HTMLBuilder:No content for Parameter Importance, skipping in html-generation
DEBUG:HTMLBuilder:No content for Feature Analysis, skipping in html-generation
DEBUG:HTMLBuilder:No content for BOHB Plot, skipping in html-generation
DEBUG:cave.cavefacade.CAVE:Using aggregated cave-instance
DEBUG:cave.cavefacade.CAVE:Args: (), Kwargs: {}
DEBUG:cave.analyzer.overview_table.OverviewTable:bohb_parallel in overview: 1
DEBUG:HTMLBuilder:No content for Best Configuration, skipping in html-generation
DEBUG:HTMLBuilder:No content for Performance Analysis, skipping in html-generation
DEBUG:HTMLBuilder:No content for Parameter Importance, skipping in html-generation
DEBUG:HTMLBuilder:No content for Feature Analysis, skipping in html-generation
DEBUG:HTMLBuilder:No content for BOHB Plot, skipping in html-generation
DEBUG:cave.cavefacade.CAVE:Using 'experiments/bohb/KMNIST/3_2_20/cave/content/budget_2.2222222222222223' as output for pimp
DEBUG:pimp.Importance:None
DEBUG:pimp.Importance:<smac.runhistory.runhistory.RunHistory object at 0x7fd62686e2e8>
INFO:pimp.Importance:Combined number of Runhistory data points: 62
INFO:pimp.Importance:Number of Configurations: 62
INFO:pimp.Importance:Converting Data and constructing Model
INFO:pimp.Importance:Using model <pimp.epm.base_epm.RandomForestWithInstances object at 0x7fd626449e80>
DEBUG:smac.runhistory.runhistory2epm.RunHistory2EPM4Cost:Transform runhistory into X,y format
DEBUG:smac.runhistory.runhistory2epm.RunHistory2EPM4Cost:Converted 62 observations
INFO:pimp.Importance:Size of training X: (62, 30)
INFO:pimp.Importance:Size of training y: (62, 1)
INFO:pimp.Importance:Data was not imputed
INFO:pimp.Importance:Thus the size of X might be smaller than the datapoints in the RunHistory
INFO:pimp.Importance:Fitting Model
INFO:pimp.Importance:Best incumbent found in None
DEBUG:smac.utils.validate.Validator:no seed given, using default seed of 1
DEBUG:cave.cavefacade.CAVE:Validating experiments/bohb/KMNIST/3_2_20/cave/budget_2.2222222222222223 using epm!
DEBUG:smac.utils.validate.Validator:Gathered 2 configurations for mode def+inc.
INFO:smac.utils.validate.Validator:Collected 1 runs from 2 configurations on 1 instances with 1 repetitions. Reusing 1 runs from given runhistory.
DEBUG:smac.utils.validate.Validator:Predicting desired 1 runs, data has shape (1, 30)
DEBUG:cave.cavefacade.CAVE:Validating experiments/bohb/KMNIST/3_2_20/cave/budget_6.666666666666666 using epm!
DEBUG:smac.utils.validate.Validator:Gathered 2 configurations for mode def+inc.
INFO:smac.utils.validate.Validator:Collected 1 runs from 2 configurations on 1 instances with 1 repetitions. Reusing 1 runs from given runhistory.
DEBUG:smac.utils.validate.Validator:Predicting desired 1 runs, data has shape (1, 30)
DEBUG:cave.cavefacade.CAVE:Validating experiments/bohb/KMNIST/3_2_20/cave/budget_20.0 using epm!
DEBUG:smac.utils.validate.Validator:Gathered 2 configurations for mode def+inc.
INFO:smac.utils.validate.Validator:Collected 1 runs from 2 configurations on 1 instances with 1 repetitions. Reusing 1 runs from given runhistory.
DEBUG:smac.utils.validate.Validator:Predicting desired 1 runs, data has shape (1, 30)
DEBUG:cave.timer:func:'_validate_default_and_incumbents' took: 0.0046 sec (human-friendly: 0 h /0 m /0 s)
INFO:cave.cavefacade.CAVE:fANOVA...
DEBUG:cave.cavefacade.CAVE:Using budget_2.2222222222222223 as cave-instance
DEBUG:cave.cavefacade.CAVE:Args: (), Kwargs: {}
INFO:cave.analyzer.cave_fanova.CaveFanova:... parameter importance fanova
INFO:pimp.Importance:Running fanova
INFO:pimp.Importance:Setting up Evaluation Method
INFO:pimp.Importance:Using model <pimp.epm.base_epm.RandomForestWithInstances object at 0x7fd6266c8940>
INFO:pimp.Importance:X shape (62, 30)
INFO:pimp.fANOVA:No preprocessing necessary
INFO:pimp.fANOVA:PREPROCESSING PREPROCESSING PREPROCESSING PREPROCESSING PREPROCESSING PREPROCESSING
INFO:pimp.fANOVA:Marginalizing away all instances!
DEBUG:pimp.fANOVA:Skipped 61 forbidden configurations
INFO:pimp.fANOVA:Size of training X after preprocessing: (1, 30)
INFO:pimp.fANOVA:Size of training y after preprocessing: (1, 1)
INFO:pimp.fANOVA:Finished Preprocessing
INFO:cave.analyzer.cave_fanova.CaveFanova:Encountered error 'Encountered zero total variance in all trees.' in fANOVA, this can e.g. happen with too few data-points.
Traceback (most recent call last):
  File "/usr/local/lib/python3.6/dist-packages/cave/analyzer/cave_fanova.py", line 46, in __init__
    self.parameter_importance("fanova")
  File "/usr/local/lib/python3.6/dist-packages/cave/analyzer/cave_parameter_importance.py", line 40, in parameter_importance
    self.pimp.evaluate_scenario([modus], self.output_dir)
  File "/usr/local/lib/python3.6/dist-packages/pimp/importance/importance.py", line 500, in evaluate_scenario
    dict_[self.evaluator.name.lower()] = self.evaluator.run()
  File "/usr/local/lib/python3.6/dist-packages/pimp/evaluator/fanova.py", line 167, in run
    imp = self.evaluator.quantify_importance([idx])[(idx, )]
  File "/usr/local/lib/python3.6/dist-packages/fanova/fanova.py", line 303, in quantify_importance
    raise RuntimeError('Encountered zero total variance in all trees.')
RuntimeError: Encountered zero total variance in all trees.
DEBUG:HTMLBuilder:No content for Best Configuration, skipping in html-generation
DEBUG:HTMLBuilder:No content for Performance Analysis, skipping in html-generation
DEBUG:HTMLBuilder:No content for Feature Analysis, skipping in html-generation
DEBUG:HTMLBuilder:No content for BOHB Plot, skipping in html-generation
INFO:cave.cavefacade.CAVE:Local EPM-predictions around incumbent...
DEBUG:cave.cavefacade.CAVE:Using budget_2.2222222222222223 as cave-instance
DEBUG:cave.cavefacade.CAVE:Args: (), Kwargs: {}
INFO:cave.analyzer.local_parameter_importance.LocalParameterImportance:... parameter importance lpi
INFO:pimp.Importance:Running lpi
INFO:pimp.Importance:Setting up Evaluation Method
INFO:pimp.Importance:Using model <pimp.epm.base_epm.RandomForestWithInstances object at 0x7fd6266c8940>
INFO:pimp.Importance:X shape (62, 30)
DEBUG:pimp.LPI:params: ['activation', 'batch_size', 'batchnorm', 'channel_1', 'dropout', 'kernel_1', 'learning_rate', 'model_optimizer', 'n_conv_layer', 'n_fc_layer', 'padding_1', 'stride_1', 'amsgrad', 'channel_2', 'fc_1', 'kernel_2', 'maxpool_1', 'padding_2', 'stride_2']
INFO:pimp.LPI:Sampling neighborhood of activation
DEBUG:pimp.LPI:	2
INFO:pimp.LPI:--------------------------------------------------> Found   2 valid neighbors
INFO:pimp.LPI:Sampling neighborhood of batch_size
DEBUG:pimp.LPI:	4
INFO:pimp.LPI:--------------------------------------------------> Found   4 valid neighbors
INFO:pimp.LPI:Sampling neighborhood of batchnorm
DEBUG:pimp.LPI:	1
INFO:pimp.LPI:--------------------------------------------------> Found   1 valid neighbors
INFO:pimp.LPI:Sampling neighborhood of channel_1
DEBUG:pimp.LPI:	inf
INFO:pimp.LPI:--------------------------------------------------> Found 500 valid neighbors
INFO:pimp.LPI:Sampling neighborhood of dropout
DEBUG:pimp.LPI:	1
INFO:pimp.LPI:--------------------------------------------------> Found   1 valid neighbors
INFO:pimp.LPI:Sampling neighborhood of kernel_1
DEBUG:pimp.LPI:	2
INFO:pimp.LPI:--------------------------------------------------> Found   2 valid neighbors
INFO:pimp.LPI:Sampling neighborhood of learning_rate
DEBUG:pimp.LPI:	inf
INFO:pimp.LPI:--------------------------------------------------> Found 500 valid neighbors
INFO:pimp.LPI:Sampling neighborhood of model_optimizer
DEBUG:pimp.LPI:	2
INFO:pimp.LPI:--------------------------------------------------> Found   2 valid neighbors
INFO:pimp.LPI:Sampling neighborhood of n_conv_layer
DEBUG:pimp.LPI:	inf
INFO:pimp.LPI:--------------------------------------------------> Found 499 valid neighbors
INFO:pimp.LPI:Sampling neighborhood of n_fc_layer
DEBUG:pimp.LPI:	inf
INFO:pimp.LPI:--------------------------------------------------> Found 500 valid neighbors
INFO:pimp.LPI:Sampling neighborhood of padding_1
DEBUG:pimp.LPI:	inf
INFO:pimp.LPI:--------------------------------------------------> Found 499 valid neighbors
INFO:pimp.LPI:Sampling neighborhood of stride_1
DEBUG:pimp.LPI:	inf
INFO:pimp.LPI:--------------------------------------------------> Found 500 valid neighbors
INFO:pimp.LPI:Sampling neighborhood of amsgrad
DEBUG:pimp.LPI:	1
INFO:pimp.LPI:--------------------------------------------------> Found   1 valid neighbors
INFO:pimp.LPI:Sampling neighborhood of channel_2
DEBUG:pimp.LPI:	3
INFO:pimp.LPI:--------------------------------------------------> Found   3 valid neighbors
INFO:pimp.LPI:Sampling neighborhood of fc_1
INFO:pimp.LPI:--------------------------------------------------> Not active!
INFO:pimp.LPI:Sampling neighborhood of kernel_2
DEBUG:pimp.LPI:	2
INFO:pimp.LPI:--------------------------------------------------> Found   1 valid neighbors
INFO:pimp.LPI:Sampling neighborhood of maxpool_1
INFO:pimp.LPI:--------------------------------------------------> Not active!
INFO:pimp.LPI:Sampling neighborhood of padding_2
DEBUG:pimp.LPI:	inf
INFO:pimp.LPI:--------------------------------------------------> Found   0 valid neighbors
INFO:pimp.LPI:Sampling neighborhood of stride_2
INFO:pimp.LPI:--------------------------------------------------> Not active!
ERROR:cave.cavefacade.CAVE:Given vector violates forbidden clause (Forbidden: maxpool_kernel_1 in {5, 6} && Forbidden: kernel_2 in {'5', '7'})
Traceback (most recent call last):
  File "/usr/local/lib/python3.6/dist-packages/cave/cavefacade.py", line 100, in wrap
    analyzer = f(self, cave, *args, **kw)
  File "/usr/local/lib/python3.6/dist-packages/cave/cavefacade.py", line 881, in local_parameter_importance
    lpi = LocalParameterImportance(cave.pimp, cave.incumbent, os.path.join(cave.output_dir, 'content'))
  File "/usr/local/lib/python3.6/dist-packages/cave/analyzer/local_parameter_importance.py", line 24, in __init__
    self.parameter_importance("lpi")
  File "/usr/local/lib/python3.6/dist-packages/cave/analyzer/cave_parameter_importance.py", line 40, in parameter_importance
    self.pimp.evaluate_scenario([modus], self.output_dir)
  File "/usr/local/lib/python3.6/dist-packages/pimp/importance/importance.py", line 500, in evaluate_scenario
    dict_[self.evaluator.name.lower()] = self.evaluator.run()
  File "/usr/local/lib/python3.6/dist-packages/pimp/evaluator/local_parameter_importance.py", line 181, in run
    def_perf, def_var = self._predict_over_instance_set(impute_inactive_values(self.cs.get_default_configuration()))
  File "ConfigSpace/util.py", line 73, in ConfigSpace.util.impute_inactive_values
  File "ConfigSpace/configuration_space.py", line 1035, in ConfigSpace.configuration_space.Configuration.__init__
  File "ConfigSpace/configuration_space.py", line 1061, in ConfigSpace.configuration_space.Configuration.is_valid_configuration
  File "ConfigSpace/c_util.pyx", line 38, in ConfigSpace.c_util.check_configuration
  File "ConfigSpace/c_util.pyx", line 138, in ConfigSpace.c_util.check_configuration
  File "ConfigSpace/configuration_space.py", line 815, in ConfigSpace.configuration_space.ConfigurationSpace._check_forbidden
  File "ConfigSpace/c_util.pyx", line 28, in ConfigSpace.c_util.check_forbidden
  File "ConfigSpace/c_util.pyx", line 35, in ConfigSpace.c_util.check_forbidden
ConfigSpace.exceptions.ForbiddenValueError: Given vector violates forbidden clause (Forbidden: maxpool_kernel_1 in {5, 6} && Forbidden: kernel_2 in {'5', '7'})
