DEBUG:cave.cavefacade.CAVE:Running CAVE version 1.1.5.dev
INFO:cave.cavefacade.CAVE:Saving results to 'bohb/latest_11_02_19/KMNIST/2_1_16/cave/content/budget_4.0'
DEBUG:cave.cavefacade.CAVE:Folders: ['bohb/latest_11_02_19/KMNIST/2_1_16/cave/budget_4.0']; ta-exec-dirs: ['.']
DEBUG:cave.cavefacade.CAVE:Collecting data from bohb/latest_11_02_19/KMNIST/2_1_16/cave/budget_4.0.
DEBUG:cave.ConfiguratorRun.bohb/latest_11_02_19/KMNIST/2_1_16/cave/budget_4.0:Loading from 'bohb/latest_11_02_19/KMNIST/2_1_16/cave/budget_4.0' with ta_exec_dir '.'.
DEBUG:cave.reader:Detected 'bohb/latest_11_02_19/KMNIST/2_1_16/cave/budget_4.0/configspace.json'
DEBUG:cave.reader:Ignoring bohb/latest_11_02_19/KMNIST/2_1_16/cave/budget_4.0/configspace.json
DEBUG:cave.reader:Creating scenario from "."
DEBUG:smac.utils.io.cmd_reader.CMDReader:Deactivate output directory.
DEBUG:smac.utils.io.cmd_reader.CMDReader:Loading pcs as json from: bohb/latest_11_02_19/KMNIST/2_1_16/cave/budget_4.0/configspace.json
DEBUG:smac.scenario.scenario.Scenario:SMAC and Scenario Options:
DEBUG:cave.ConfiguratorRun.bohb/latest_11_02_19/KMNIST/2_1_16/cave/budget_4.0:RunHistory original runhistory only evaluated on 0/1 train-insts for default in folder bohb/latest_11_02_19/KMNIST/2_1_16/cave/budget_4.0
DEBUG:cave.ConfiguratorRun.bohb/latest_11_02_19/KMNIST/2_1_16/cave/budget_4.0:RunHistory original runhistory only evaluated on 0/1 test-insts for default in folder bohb/latest_11_02_19/KMNIST/2_1_16/cave/budget_4.0
DEBUG:cave.reader.configurator_run.ConfiguratorRun:No rng and no run_id given: using a random value to initialize run_id.
INFO:cave.reader.configurator_run.ConfiguratorRun:Optimizing a deterministic scenario for quality without a tuner timeout - will make SMAC deterministic!
INFO:smac.scenario.scenario.Scenario:No output directory for scenario logging specified -- scenario will not be logged.
INFO:smac.utils.io.traj_logging.TrajLogger:No output directory for trajectory logging specified -- trajectory will not be logged.
DEBUG:cave.cavefacade.CAVE:Instances: train=0, test=0, train-features=0, test-features=0
INFO:cave.cavefacade.CAVE:No features available. Skipping feature analysis.
DEBUG:cave.cavefacade.CAVE:Update original rh with all available rhs!
DEBUG:cave.cavefacade.CAVE:Using 'bohb/latest_11_02_19/KMNIST/2_1_16/cave/content/budget_4.0/content' as output for pimp
DEBUG:pimp.Importance:None
DEBUG:pimp.Importance:<smac.runhistory.runhistory.RunHistory object at 0x7f0f516e80f0>
INFO:pimp.Importance:Combined number of Runhistory data points: 24
INFO:pimp.Importance:Number of Configurations: 24
INFO:pimp.Importance:Converting Data and constructing Model
INFO:pimp.Importance:Using model <pimp.epm.base_epm.RandomForestWithInstances object at 0x7f0f516e8630>
DEBUG:smac.runhistory.runhistory2epm.RunHistory2EPM4Cost:Transform runhistory into X,y format
DEBUG:smac.runhistory.runhistory2epm.RunHistory2EPM4Cost:Converted 24 observations
INFO:pimp.Importance:Size of training X: (24, 30)
INFO:pimp.Importance:Size of training y: (24, 1)
INFO:pimp.Importance:Data was not imputed
INFO:pimp.Importance:Thus the size of X might be smaller than the datapoints in the RunHistory
INFO:pimp.Importance:Fitting Model
INFO:pimp.Importance:Best incumbent found in None
DEBUG:smac.utils.validate.Validator:no seed given, using default seed of 1
DEBUG:cave.cavefacade.CAVE:Validating bohb/latest_11_02_19/KMNIST/2_1_16/cave/budget_4.0 using epm!
DEBUG:smac.utils.validate.Validator:Gathered 2 configurations for mode def+inc.
INFO:smac.utils.validate.Validator:Collected 1 runs from 2 configurations on 1 instances with 1 repetitions. Reusing 1 runs from given runhistory.
DEBUG:smac.utils.validate.Validator:Predicting desired 1 runs, data has shape (1, 30)
DEBUG:cave.timer:func:'_validate_default_and_incumbents' took: 0.0015 sec (human-friendly: 0 h /0 m /0 s)
DEBUG:cave.cavefacade.CAVE:Combined number of RunHistory data points for original runhistory: 24 # Configurations: 24. # Configurator runs: 1
DEBUG:cave.cavefacade.CAVE:Combined number of RunHistory data points for validated runhistory: 24 # Configurations: 24. # Configurator runs: 1
DEBUG:cave.cavefacade.CAVE:Combined number of RunHistory data points for epm runhistory: 25 # Configurations: 25. # Configurator runs: 1
DEBUG:cave.cavefacade.CAVE:Overall best run: bohb/latest_11_02_19/KMNIST/2_1_16/cave/budget_4.0, with incumbent: Configuration:
  activation, Value: 'tanh'
  amsgrad, Value: 'True'
  batch_size, Value: '50'
  batchnorm, Value: 'True'
  channel_1, Value: 9
  dropout, Value: 'False'
  fc_1, Value: 464
  kernel_1, Value: '7'
  learning_rate, Value: 0.0012925741454823834
  maxpool_1, Value: 'False'
  model_optimizer, Value: 'adam'
  n_conv_layer, Value: 1
  n_fc_layer, Value: 2
  padding_1, Value: 1
  stride_1, Value: 1

DEBUG:cave.settings:Output-file for debug-log: 'bohb/latest_11_02_19/KMNIST/2_1_16/cave/content/budget_8.0/debug/debug.log'
DEBUG:cave.cavefacade.CAVE:Running CAVE version 1.1.5.dev
INFO:cave.cavefacade.CAVE:Saving results to 'bohb/latest_11_02_19/KMNIST/2_1_16/cave/content/budget_8.0'
DEBUG:cave.cavefacade.CAVE:Folders: ['bohb/latest_11_02_19/KMNIST/2_1_16/cave/budget_8.0']; ta-exec-dirs: ['.']
DEBUG:cave.cavefacade.CAVE:Collecting data from bohb/latest_11_02_19/KMNIST/2_1_16/cave/budget_8.0.
DEBUG:cave.ConfiguratorRun.bohb/latest_11_02_19/KMNIST/2_1_16/cave/budget_8.0:Loading from 'bohb/latest_11_02_19/KMNIST/2_1_16/cave/budget_8.0' with ta_exec_dir '.'.
DEBUG:cave.reader:Detected 'bohb/latest_11_02_19/KMNIST/2_1_16/cave/budget_8.0/configspace.json'
DEBUG:cave.reader:Ignoring bohb/latest_11_02_19/KMNIST/2_1_16/cave/budget_8.0/configspace.json
DEBUG:cave.reader:Creating scenario from "."
DEBUG:smac.utils.io.cmd_reader.CMDReader:Deactivate output directory.
DEBUG:smac.utils.io.cmd_reader.CMDReader:Loading pcs as json from: bohb/latest_11_02_19/KMNIST/2_1_16/cave/budget_8.0/configspace.json
DEBUG:smac.scenario.scenario.Scenario:SMAC and Scenario Options:
DEBUG:cave.ConfiguratorRun.bohb/latest_11_02_19/KMNIST/2_1_16/cave/budget_8.0:RunHistory original runhistory only evaluated on 0/1 train-insts for default in folder bohb/latest_11_02_19/KMNIST/2_1_16/cave/budget_8.0
DEBUG:cave.ConfiguratorRun.bohb/latest_11_02_19/KMNIST/2_1_16/cave/budget_8.0:RunHistory original runhistory only evaluated on 0/1 test-insts for default in folder bohb/latest_11_02_19/KMNIST/2_1_16/cave/budget_8.0
DEBUG:cave.reader.configurator_run.ConfiguratorRun:No rng and no run_id given: using a random value to initialize run_id.
INFO:cave.reader.configurator_run.ConfiguratorRun:Optimizing a deterministic scenario for quality without a tuner timeout - will make SMAC deterministic!
INFO:smac.scenario.scenario.Scenario:No output directory for scenario logging specified -- scenario will not be logged.
INFO:smac.utils.io.traj_logging.TrajLogger:No output directory for trajectory logging specified -- trajectory will not be logged.
DEBUG:cave.cavefacade.CAVE:Instances: train=0, test=0, train-features=0, test-features=0
INFO:cave.cavefacade.CAVE:No features available. Skipping feature analysis.
DEBUG:cave.cavefacade.CAVE:Update original rh with all available rhs!
DEBUG:cave.cavefacade.CAVE:Using 'bohb/latest_11_02_19/KMNIST/2_1_16/cave/content/budget_8.0/content' as output for pimp
DEBUG:pimp.Importance:None
DEBUG:pimp.Importance:<smac.runhistory.runhistory.RunHistory object at 0x7f0f516bbb00>
INFO:pimp.Importance:Combined number of Runhistory data points: 20
INFO:pimp.Importance:Number of Configurations: 20
INFO:pimp.Importance:Converting Data and constructing Model
INFO:pimp.Importance:Using model <pimp.epm.base_epm.RandomForestWithInstances object at 0x7f0f51673080>
DEBUG:smac.runhistory.runhistory2epm.RunHistory2EPM4Cost:Transform runhistory into X,y format
DEBUG:smac.runhistory.runhistory2epm.RunHistory2EPM4Cost:Converted 20 observations
INFO:pimp.Importance:Size of training X: (20, 30)
INFO:pimp.Importance:Size of training y: (20, 1)
INFO:pimp.Importance:Data was not imputed
INFO:pimp.Importance:Thus the size of X might be smaller than the datapoints in the RunHistory
INFO:pimp.Importance:Fitting Model
INFO:pimp.Importance:Best incumbent found in None
DEBUG:smac.utils.validate.Validator:no seed given, using default seed of 1
DEBUG:cave.cavefacade.CAVE:Validating bohb/latest_11_02_19/KMNIST/2_1_16/cave/budget_8.0 using epm!
DEBUG:smac.utils.validate.Validator:Gathered 2 configurations for mode def+inc.
INFO:smac.utils.validate.Validator:Collected 1 runs from 2 configurations on 1 instances with 1 repetitions. Reusing 1 runs from given runhistory.
DEBUG:smac.utils.validate.Validator:Predicting desired 1 runs, data has shape (1, 30)
DEBUG:cave.timer:func:'_validate_default_and_incumbents' took: 0.0017 sec (human-friendly: 0 h /0 m /0 s)
DEBUG:cave.cavefacade.CAVE:Combined number of RunHistory data points for original runhistory: 20 # Configurations: 20. # Configurator runs: 1
DEBUG:cave.cavefacade.CAVE:Combined number of RunHistory data points for validated runhistory: 20 # Configurations: 20. # Configurator runs: 1
DEBUG:cave.cavefacade.CAVE:Combined number of RunHistory data points for epm runhistory: 21 # Configurations: 21. # Configurator runs: 1
DEBUG:cave.cavefacade.CAVE:Overall best run: bohb/latest_11_02_19/KMNIST/2_1_16/cave/budget_8.0, with incumbent: Configuration:
  activation, Value: 'tanh'
  amsgrad, Value: 'True'
  batch_size, Value: '50'
  batchnorm, Value: 'True'
  channel_1, Value: 4
  dropout, Value: 'False'
  fc_1, Value: 545
  kernel_1, Value: '7'
  learning_rate, Value: 0.0016662497908401205
  model_optimizer, Value: 'adam'
  n_conv_layer, Value: 1
  n_fc_layer, Value: 2
  padding_1, Value: 1
  stride_1, Value: 2

DEBUG:cave.settings:Output-file for debug-log: 'bohb/latest_11_02_19/KMNIST/2_1_16/cave/content/budget_16.0/debug/debug.log'
DEBUG:cave.cavefacade.CAVE:Running CAVE version 1.1.5.dev
INFO:cave.cavefacade.CAVE:Saving results to 'bohb/latest_11_02_19/KMNIST/2_1_16/cave/content/budget_16.0'
DEBUG:cave.cavefacade.CAVE:Folders: ['bohb/latest_11_02_19/KMNIST/2_1_16/cave/budget_16.0']; ta-exec-dirs: ['.']
DEBUG:cave.cavefacade.CAVE:Collecting data from bohb/latest_11_02_19/KMNIST/2_1_16/cave/budget_16.0.
DEBUG:cave.ConfiguratorRun.bohb/latest_11_02_19/KMNIST/2_1_16/cave/budget_16.0:Loading from 'bohb/latest_11_02_19/KMNIST/2_1_16/cave/budget_16.0' with ta_exec_dir '.'.
DEBUG:cave.reader:Detected 'bohb/latest_11_02_19/KMNIST/2_1_16/cave/budget_16.0/configspace.json'
DEBUG:cave.reader:Ignoring bohb/latest_11_02_19/KMNIST/2_1_16/cave/budget_16.0/configspace.json
DEBUG:cave.reader:Creating scenario from "."
DEBUG:smac.utils.io.cmd_reader.CMDReader:Deactivate output directory.
DEBUG:smac.utils.io.cmd_reader.CMDReader:Loading pcs as json from: bohb/latest_11_02_19/KMNIST/2_1_16/cave/budget_16.0/configspace.json
DEBUG:smac.scenario.scenario.Scenario:SMAC and Scenario Options:
DEBUG:cave.ConfiguratorRun.bohb/latest_11_02_19/KMNIST/2_1_16/cave/budget_16.0:RunHistory original runhistory only evaluated on 0/1 train-insts for default in folder bohb/latest_11_02_19/KMNIST/2_1_16/cave/budget_16.0
DEBUG:cave.ConfiguratorRun.bohb/latest_11_02_19/KMNIST/2_1_16/cave/budget_16.0:RunHistory original runhistory only evaluated on 0/1 test-insts for default in folder bohb/latest_11_02_19/KMNIST/2_1_16/cave/budget_16.0
DEBUG:cave.reader.configurator_run.ConfiguratorRun:No rng and no run_id given: using a random value to initialize run_id.
INFO:cave.reader.configurator_run.ConfiguratorRun:Optimizing a deterministic scenario for quality without a tuner timeout - will make SMAC deterministic!
INFO:smac.scenario.scenario.Scenario:No output directory for scenario logging specified -- scenario will not be logged.
INFO:smac.utils.io.traj_logging.TrajLogger:No output directory for trajectory logging specified -- trajectory will not be logged.
DEBUG:cave.cavefacade.CAVE:Instances: train=0, test=0, train-features=0, test-features=0
INFO:cave.cavefacade.CAVE:No features available. Skipping feature analysis.
DEBUG:cave.cavefacade.CAVE:Update original rh with all available rhs!
DEBUG:cave.cavefacade.CAVE:Using 'bohb/latest_11_02_19/KMNIST/2_1_16/cave/content/budget_16.0/content' as output for pimp
DEBUG:pimp.Importance:None
DEBUG:pimp.Importance:<smac.runhistory.runhistory.RunHistory object at 0x7f0f51635668>
INFO:pimp.Importance:Combined number of Runhistory data points: 20
INFO:pimp.Importance:Number of Configurations: 20
INFO:pimp.Importance:Converting Data and constructing Model
INFO:pimp.Importance:Using model <pimp.epm.base_epm.RandomForestWithInstances object at 0x7f0f51635be0>
DEBUG:smac.runhistory.runhistory2epm.RunHistory2EPM4Cost:Transform runhistory into X,y format
DEBUG:smac.runhistory.runhistory2epm.RunHistory2EPM4Cost:Converted 20 observations
INFO:pimp.Importance:Size of training X: (20, 30)
INFO:pimp.Importance:Size of training y: (20, 1)
INFO:pimp.Importance:Data was not imputed
INFO:pimp.Importance:Thus the size of X might be smaller than the datapoints in the RunHistory
INFO:pimp.Importance:Fitting Model
INFO:pimp.Importance:Best incumbent found in None
DEBUG:smac.utils.validate.Validator:no seed given, using default seed of 1
DEBUG:cave.cavefacade.CAVE:Validating bohb/latest_11_02_19/KMNIST/2_1_16/cave/budget_16.0 using epm!
DEBUG:smac.utils.validate.Validator:Gathered 2 configurations for mode def+inc.
INFO:smac.utils.validate.Validator:Collected 1 runs from 2 configurations on 1 instances with 1 repetitions. Reusing 1 runs from given runhistory.
DEBUG:smac.utils.validate.Validator:Predicting desired 1 runs, data has shape (1, 30)
DEBUG:cave.timer:func:'_validate_default_and_incumbents' took: 0.0018 sec (human-friendly: 0 h /0 m /0 s)
DEBUG:cave.cavefacade.CAVE:Combined number of RunHistory data points for original runhistory: 20 # Configurations: 20. # Configurator runs: 1
DEBUG:cave.cavefacade.CAVE:Combined number of RunHistory data points for validated runhistory: 20 # Configurations: 20. # Configurator runs: 1
DEBUG:cave.cavefacade.CAVE:Combined number of RunHistory data points for epm runhistory: 21 # Configurations: 21. # Configurator runs: 1
DEBUG:cave.cavefacade.CAVE:Overall best run: bohb/latest_11_02_19/KMNIST/2_1_16/cave/budget_16.0, with incumbent: Configuration:
  activation, Value: 'relu'
  amsgrad, Value: 'True'
  batch_size, Value: '100'
  batchnorm, Value: 'False'
  channel_1, Value: 11
  channel_2, Value: '3'
  dropout, Value: 'True'
  fc_1, Value: 502
  kernel_1, Value: '7'
  kernel_2, Value: '3'
  learning_rate, Value: 0.0007698131728763621
  maxpool_1, Value: 'False'
  model_optimizer, Value: 'adam'
  n_conv_layer, Value: 2
  n_fc_layer, Value: 2
  padding_1, Value: 3
  padding_2, Value: 0
  stride_1, Value: 1
  stride_2, Value: 2

DEBUG:root:CAVE is called with arguments: Namespace(algorithm_footprints=True, cfp=True, cfp_max_plot=-1, cfp_number_quantiles=3, cfp_time_slider='off', cost_over_time=True, ecdf=True, fanova_pairwise=True, feature_analysis='all', file_format='BOHB', folders=['bohb/latest_11_02_19/KMNIST/2_1_16/'], jupyter='off', output='bohb/latest_11_02_19/KMNIST/2_1_16/cave/', parallel_coordinates=True, parameter_importance=['fanova'], pc_sort_by='all', pimp_max_samples=-1, pimp_sort_table_by='average', scatter_plots=True, seed=42, ta_exec_dir='.', tabular_analysis=True, validation='epm', validation_format='NONE', verbose_level='INFO')
DEBUG:cave.cavefacade.CAVE:Using aggregated cave-instance
DEBUG:cave.cavefacade.CAVE:Args: (), Kwargs: {}
DEBUG:cave.analyzer.budget_correlation.BudgetCorrelation:During budget correlation a <class 'bokeh.util.warnings.BokehUserWarning'> was raised: ColumnDataSource's columns must be of the same length. Current lengths: ('budget_1.0', 74), ('budget_16.0', 74), ('budget_2.0', 74), ('budget_4.0', 74), ('budget_8.0', 74), ('x', 0), ('y', 0)
DEBUG:HTMLBuilder:No content for Meta Data, skipping in html-generation
DEBUG:HTMLBuilder:No content for Best Configuration, skipping in html-generation
DEBUG:HTMLBuilder:No content for Performance Analysis, skipping in html-generation
DEBUG:HTMLBuilder:No content for Configurators Behavior, skipping in html-generation
DEBUG:HTMLBuilder:No content for Parameter Importance, skipping in html-generation
DEBUG:HTMLBuilder:No content for Feature Analysis, skipping in html-generation
DEBUG:HTMLBuilder:No content for BOHB Plot, skipping in html-generation
DEBUG:cave.cavefacade.CAVE:Using aggregated cave-instance
DEBUG:cave.cavefacade.CAVE:Args: (), Kwargs: {}
DEBUG:cave.analyzer.bohb_learning_curves.BohbLearningCurves:Assuming config_info to be either "model_based_pick=True" or "model_based_pick=False"
DEBUG:cave.analyzer.bohb_learning_curves.BohbLearningCurves:iteration_labels: ['00', '01', '02', '03', '04', '05', '06', '07', '08', '09']
DEBUG:cave.analyzer.bohb_learning_curves.BohbLearningCurves:HB_iterations: ['0', '1', '2', '3', '4', '5', '6', '7', '8', '9']
DEBUG:HTMLBuilder:No content for Meta Data, skipping in html-generation
DEBUG:HTMLBuilder:No content for Best Configuration, skipping in html-generation
DEBUG:HTMLBuilder:No content for Performance Analysis, skipping in html-generation
DEBUG:HTMLBuilder:No content for Configurators Behavior, skipping in html-generation
DEBUG:HTMLBuilder:No content for Parameter Importance, skipping in html-generation
DEBUG:HTMLBuilder:No content for Feature Analysis, skipping in html-generation
DEBUG:HTMLBuilder:No content for BOHB Plot, skipping in html-generation
DEBUG:cave.cavefacade.CAVE:Using aggregated cave-instance
DEBUG:cave.cavefacade.CAVE:Args: (), Kwargs: {}
INFO:cave.analyzer.bohb_incumbents_per_budget.BohbIncumbentsPerBudget:... create performance table
DEBUG:HTMLBuilder:No content for Meta Data, skipping in html-generation
DEBUG:HTMLBuilder:No content for Best Configuration, skipping in html-generation
DEBUG:HTMLBuilder:No content for Performance Analysis, skipping in html-generation
DEBUG:HTMLBuilder:No content for Configurators Behavior, skipping in html-generation
DEBUG:HTMLBuilder:No content for Parameter Importance, skipping in html-generation
DEBUG:HTMLBuilder:No content for Feature Analysis, skipping in html-generation
DEBUG:HTMLBuilder:No content for BOHB Plot, skipping in html-generation
DEBUG:cave.cavefacade.CAVE:Using aggregated cave-instance
DEBUG:cave.cavefacade.CAVE:Args: (), Kwargs: {'use_timeslider': False, 'max_confs': -1, 'num_quantiles': 3}
INFO:cave.cavefacade.CAVE:... visualizing explored configspace (this may take a long time, if there is a lot of data - deactive with --no_configurator_footprint)
INFO:cave.analyzer.configurator_footprint.ConfiguratorFootprint:... visualizing explored configspace (this may take a long time, if there is a lot of data - deactive with --no_configurator_footprint)
DEBUG:cave.plot.configurator_footprint.ConfiguratorFootprintPlotter:Creating 3 quantiles with a total number of runs of 74
DEBUG:cave.plot.configurator_footprint.ConfiguratorFootprintPlotter:Ranges: [0, 9, 20, 74]
DEBUG:cave.plot.configurator_footprint.ConfiguratorFootprintPlotter:Labels: ['176.64', '1459.10', '11632.20']
DEBUG:cave.timer:func:'_get_runs_per_config_quantiled' took: 0.0124 sec (human-friendly: 0 h /0 m /0 s)
DEBUG:cave.plot.configurator_footprint.ConfiguratorFootprintPlotter:Min runs per conf: 1, Max runs per conf: 1
DEBUG:cave.plot.configurator_footprint.ConfiguratorFootprintPlotter:Gathered 74 configurations from 1 runhistories.
DEBUG:cave.timer:func:'get_conf_matrix' took: 0.0221 sec (human-friendly: 0 h /0 m /0 s)
DEBUG:cave.plot.configurator_footprint.ConfiguratorFootprintPlotter:Number of Configurations: 74
DEBUG:cave.plot.configurator_footprint.ConfiguratorFootprintPlotter:Calculate distance between configurations.
DEBUG:cave.plot.configurator_footprint.ConfiguratorFootprintPlotter:0.00% of all distances calculated in 0.00 seconds...
DEBUG:cave.plot.configurator_footprint.ConfiguratorFootprintPlotter:18.92% of all distances calculated in 0.02 seconds...
DEBUG:cave.plot.configurator_footprint.ConfiguratorFootprintPlotter:37.84% of all distances calculated in 0.03 seconds...
DEBUG:cave.plot.configurator_footprint.ConfiguratorFootprintPlotter:56.76% of all distances calculated in 0.04 seconds...
DEBUG:cave.plot.configurator_footprint.ConfiguratorFootprintPlotter:75.68% of all distances calculated in 0.04 seconds...
DEBUG:cave.plot.configurator_footprint.ConfiguratorFootprintPlotter:94.59% of all distances calculated in 0.05 seconds...
DEBUG:cave.timer:func:'get_distance' took: 0.0461 sec (human-friendly: 0 h /0 m /0 s)
DEBUG:cave.plot.configurator_footprint.ConfiguratorFootprintPlotter:MDS-stress: 65975.691086
DEBUG:cave.timer:func:'get_mds' took: 0.2483 sec (human-friendly: 0 h /0 m /0 s)
DEBUG:cave.plot.configurator_footprint.ConfiguratorFootprintPlotter:Convert data for epm.
DEBUG:smac.runhistory.runhistory2epm.RunHistory2EPM4Cost:Transform runhistory into X,y format
DEBUG:smac.runhistory.runhistory2epm.RunHistory2EPM4Cost:Converted 74 observations
DEBUG:cave.plot.configurator_footprint.ConfiguratorFootprintPlotter:Train random forest for contour-plot.
DEBUG:cave.plot.configurator_footprint.ConfiguratorFootprintPlotter:Fitting random forest took 0.001188 time
DEBUG:cave.plot.configurator_footprint.ConfiguratorFootprintPlotter:x_min: -12.061432, x_max: 12.716626, y_min: -12.402343, y_max: 12.198733
DEBUG:cave.plot.configurator_footprint.ConfiguratorFootprintPlotter:Predict on 15376 samples in grid to get surface (step-size: 0.200000)
DEBUG:cave.plot.configurator_footprint.ConfiguratorFootprintPlotter:Predicting random forest took 2.259209 time
DEBUG:cave.timer:func:'get_pred_surface' took: 2.3267 sec (human-friendly: 0 h /0 m /2 s)
DEBUG:cave.plot.configurator_footprint.ConfiguratorFootprintPlotter:Convert data for epm.
DEBUG:smac.runhistory.runhistory2epm.RunHistory2EPM4Cost:Transform runhistory into X,y format
DEBUG:smac.runhistory.runhistory2epm.RunHistory2EPM4Cost:Converted 32 observations
DEBUG:cave.plot.configurator_footprint.ConfiguratorFootprintPlotter:Train random forest for contour-plot.
DEBUG:cave.plot.configurator_footprint.ConfiguratorFootprintPlotter:Fitting random forest took 0.000530 time
DEBUG:cave.plot.configurator_footprint.ConfiguratorFootprintPlotter:x_min: -12.061432, x_max: 12.716626, y_min: -12.402343, y_max: 12.198733
DEBUG:cave.plot.configurator_footprint.ConfiguratorFootprintPlotter:Predict on 15376 samples in grid to get surface (step-size: 0.200000)
DEBUG:cave.plot.configurator_footprint.ConfiguratorFootprintPlotter:Predicting random forest took 2.252182 time
DEBUG:cave.timer:func:'get_pred_surface' took: 2.3201 sec (human-friendly: 0 h /0 m /2 s)
DEBUG:cave.plot.configurator_footprint.ConfiguratorFootprintPlotter:Convert data for epm.
DEBUG:smac.runhistory.runhistory2epm.RunHistory2EPM4Cost:Transform runhistory into X,y format
DEBUG:smac.runhistory.runhistory2epm.RunHistory2EPM4Cost:Converted 32 observations
DEBUG:cave.plot.configurator_footprint.ConfiguratorFootprintPlotter:Train random forest for contour-plot.
DEBUG:cave.plot.configurator_footprint.ConfiguratorFootprintPlotter:Fitting random forest took 0.000496 time
DEBUG:cave.plot.configurator_footprint.ConfiguratorFootprintPlotter:x_min: -12.061432, x_max: 12.716626, y_min: -12.402343, y_max: 12.198733
DEBUG:cave.plot.configurator_footprint.ConfiguratorFootprintPlotter:Predict on 15376 samples in grid to get surface (step-size: 0.200000)
DEBUG:cave.plot.configurator_footprint.ConfiguratorFootprintPlotter:Predicting random forest took 2.239228 time
DEBUG:cave.timer:func:'get_pred_surface' took: 2.2905 sec (human-friendly: 0 h /0 m /2 s)
DEBUG:cave.plot.configurator_footprint.ConfiguratorFootprintPlotter:Convert data for epm.
DEBUG:smac.runhistory.runhistory2epm.RunHistory2EPM4Cost:Transform runhistory into X,y format
DEBUG:smac.runhistory.runhistory2epm.RunHistory2EPM4Cost:Converted 24 observations
DEBUG:cave.plot.configurator_footprint.ConfiguratorFootprintPlotter:Train random forest for contour-plot.
DEBUG:cave.plot.configurator_footprint.ConfiguratorFootprintPlotter:Fitting random forest took 0.000580 time
DEBUG:cave.plot.configurator_footprint.ConfiguratorFootprintPlotter:x_min: -12.061432, x_max: 12.716626, y_min: -12.402343, y_max: 12.198733
DEBUG:cave.plot.configurator_footprint.ConfiguratorFootprintPlotter:Predict on 15376 samples in grid to get surface (step-size: 0.200000)
DEBUG:cave.plot.configurator_footprint.ConfiguratorFootprintPlotter:Predicting random forest took 2.241162 time
DEBUG:cave.timer:func:'get_pred_surface' took: 2.3091 sec (human-friendly: 0 h /0 m /2 s)
DEBUG:cave.plot.configurator_footprint.ConfiguratorFootprintPlotter:Convert data for epm.
DEBUG:smac.runhistory.runhistory2epm.RunHistory2EPM4Cost:Transform runhistory into X,y format
DEBUG:smac.runhistory.runhistory2epm.RunHistory2EPM4Cost:Converted 20 observations
DEBUG:cave.plot.configurator_footprint.ConfiguratorFootprintPlotter:Train random forest for contour-plot.
DEBUG:cave.plot.configurator_footprint.ConfiguratorFootprintPlotter:Fitting random forest took 0.000396 time
DEBUG:cave.plot.configurator_footprint.ConfiguratorFootprintPlotter:x_min: -12.061432, x_max: 12.716626, y_min: -12.402343, y_max: 12.198733
DEBUG:cave.plot.configurator_footprint.ConfiguratorFootprintPlotter:Predict on 15376 samples in grid to get surface (step-size: 0.200000)
DEBUG:cave.plot.configurator_footprint.ConfiguratorFootprintPlotter:Predicting random forest took 2.297193 time
DEBUG:cave.timer:func:'get_pred_surface' took: 2.3527 sec (human-friendly: 0 h /0 m /2 s)
DEBUG:cave.plot.configurator_footprint.ConfiguratorFootprintPlotter:Convert data for epm.
DEBUG:smac.runhistory.runhistory2epm.RunHistory2EPM4Cost:Transform runhistory into X,y format
DEBUG:smac.runhistory.runhistory2epm.RunHistory2EPM4Cost:Converted 20 observations
DEBUG:cave.plot.configurator_footprint.ConfiguratorFootprintPlotter:Train random forest for contour-plot.
DEBUG:cave.plot.configurator_footprint.ConfiguratorFootprintPlotter:Fitting random forest took 0.000458 time
DEBUG:cave.plot.configurator_footprint.ConfiguratorFootprintPlotter:x_min: -12.061432, x_max: 12.716626, y_min: -12.402343, y_max: 12.198733
DEBUG:cave.plot.configurator_footprint.ConfiguratorFootprintPlotter:Predict on 15376 samples in grid to get surface (step-size: 0.200000)
DEBUG:cave.plot.configurator_footprint.ConfiguratorFootprintPlotter:Predicting random forest took 2.243524 time
DEBUG:cave.timer:func:'get_pred_surface' took: 2.2961 sec (human-friendly: 0 h /0 m /2 s)
DEBUG:cave.timer:func:'_plot_contour' took: 0.0148 sec (human-friendly: 0 h /0 m /0 s)
DEBUG:cave.plot.configurator_footprint.ConfiguratorFootprintPlotter:60 different glyph renderers, 1 different zorder-values
DEBUG:cave.timer:func:'_scatter' took: 0.0501 sec (human-friendly: 0 h /0 m /0 s)
DEBUG:cave.plot.configurator_footprint.ConfiguratorFootprintPlotter:Quantile 0: 60 scatter-handles
DEBUG:cave.plot.configurator_footprint.ConfiguratorFootprintPlotter:Saving plot to bohb/latest_11_02_19/KMNIST/2_1_16/cave/cfp_over_time/configurator_footprint0.png
DEBUG:cave.plot.configurator_footprint.ConfiguratorFootprintPlotter:Exporting to bohb/latest_11_02_19/KMNIST/2_1_16/cave/cfp_over_time/configurator_footprint0.png (base: bohb/latest_11_02_19/KMNIST/2_1_16/cave/cfp_over_time)
DEBUG:cave.plot.configurator_footprint.ConfiguratorFootprintPlotter:Exporting failed
Traceback (most recent call last):
  File "/usr/local/lib/python3.6/dist-packages/bokeh/util/dependencies.py", line 78, in detect_phantomjs
    proc = Popen([phantomjs_path, "--version"], stdout=PIPE, stderr=PIPE)
  File "/usr/lib/python3.6/subprocess.py", line 709, in __init__
    restore_signals, start_new_session)
  File "/usr/lib/python3.6/subprocess.py", line 1344, in _execute_child
    raise child_exception_type(errno_num, err_msg, err_filename)
FileNotFoundError: [Errno 2] No such file or directory: 'phantomjs': 'phantomjs'

During handling of the above exception, another exception occurred:

Traceback (most recent call last):
  File "/usr/local/lib/python3.6/dist-packages/cave/utils/io.py", line 36, in export_bokeh
    export_png(plot, filename=path)
  File "/usr/local/lib/python3.6/dist-packages/bokeh/io/export.py", line 91, in export_png
    image = get_screenshot_as_png(obj, height=height, width=width, driver=webdriver)
  File "/usr/local/lib/python3.6/dist-packages/bokeh/io/export.py", line 201, in get_screenshot_as_png
    web_driver = driver if driver is not None else webdriver_control.get()
  File "/usr/local/lib/python3.6/dist-packages/bokeh/io/webdriver.py", line 98, in get
    self.current = self.create()
  File "/usr/local/lib/python3.6/dist-packages/bokeh/io/webdriver.py", line 103, in create
    return create_phantomjs_webdriver()
  File "/usr/local/lib/python3.6/dist-packages/bokeh/io/webdriver.py", line 61, in create_phantomjs_webdriver
    phantomjs_path = detect_phantomjs()
  File "/usr/local/lib/python3.6/dist-packages/bokeh/util/dependencies.py", line 92, in detect_phantomjs
    "npm install -g phantomjs-prebuilt"')
RuntimeError: PhantomJS is not present in PATH or BOKEH_PHANTOMJS_PATH. Try "conda install phantomjs" or             "npm install -g phantomjs-prebuilt"
WARNING:cave.plot.configurator_footprint.ConfiguratorFootprintPlotter:Exporting bokeh-plot to "bohb/latest_11_02_19/KMNIST/2_1_16/cave/cfp_over_time/configurator_footprint0.png" failed. To activate automatic png-export, please follow instructions on CAVE's GitHub (install selenium and phantomjs-prebuilt).
DEBUG:cave.timer:func:'export_bokeh' took: 0.4169 sec (human-friendly: 0 h /0 m /0 s)
DEBUG:cave.timer:func:'_plot_contour' took: 0.0239 sec (human-friendly: 0 h /0 m /0 s)
DEBUG:cave.plot.configurator_footprint.ConfiguratorFootprintPlotter:60 different glyph renderers, 1 different zorder-values
DEBUG:cave.timer:func:'_scatter' took: 0.0512 sec (human-friendly: 0 h /0 m /0 s)
DEBUG:cave.plot.configurator_footprint.ConfiguratorFootprintPlotter:Quantile 1: 60 scatter-handles
DEBUG:cave.plot.configurator_footprint.ConfiguratorFootprintPlotter:Saving plot to bohb/latest_11_02_19/KMNIST/2_1_16/cave/cfp_over_time/configurator_footprint1.png
DEBUG:cave.plot.configurator_footprint.ConfiguratorFootprintPlotter:Exporting to bohb/latest_11_02_19/KMNIST/2_1_16/cave/cfp_over_time/configurator_footprint1.png (base: bohb/latest_11_02_19/KMNIST/2_1_16/cave/cfp_over_time)
DEBUG:cave.plot.configurator_footprint.ConfiguratorFootprintPlotter:Exporting failed
Traceback (most recent call last):
  File "/usr/local/lib/python3.6/dist-packages/bokeh/util/dependencies.py", line 78, in detect_phantomjs
    proc = Popen([phantomjs_path, "--version"], stdout=PIPE, stderr=PIPE)
  File "/usr/lib/python3.6/subprocess.py", line 709, in __init__
    restore_signals, start_new_session)
  File "/usr/lib/python3.6/subprocess.py", line 1344, in _execute_child
    raise child_exception_type(errno_num, err_msg, err_filename)
FileNotFoundError: [Errno 2] No such file or directory: 'phantomjs': 'phantomjs'

During handling of the above exception, another exception occurred:

Traceback (most recent call last):
  File "/usr/local/lib/python3.6/dist-packages/cave/utils/io.py", line 36, in export_bokeh
    export_png(plot, filename=path)
  File "/usr/local/lib/python3.6/dist-packages/bokeh/io/export.py", line 91, in export_png
    image = get_screenshot_as_png(obj, height=height, width=width, driver=webdriver)
  File "/usr/local/lib/python3.6/dist-packages/bokeh/io/export.py", line 201, in get_screenshot_as_png
    web_driver = driver if driver is not None else webdriver_control.get()
  File "/usr/local/lib/python3.6/dist-packages/bokeh/io/webdriver.py", line 98, in get
    self.current = self.create()
  File "/usr/local/lib/python3.6/dist-packages/bokeh/io/webdriver.py", line 103, in create
    return create_phantomjs_webdriver()
  File "/usr/local/lib/python3.6/dist-packages/bokeh/io/webdriver.py", line 61, in create_phantomjs_webdriver
    phantomjs_path = detect_phantomjs()
  File "/usr/local/lib/python3.6/dist-packages/bokeh/util/dependencies.py", line 92, in detect_phantomjs
    "npm install -g phantomjs-prebuilt"')
RuntimeError: PhantomJS is not present in PATH or BOKEH_PHANTOMJS_PATH. Try "conda install phantomjs" or             "npm install -g phantomjs-prebuilt"
WARNING:cave.plot.configurator_footprint.ConfiguratorFootprintPlotter:Exporting bokeh-plot to "bohb/latest_11_02_19/KMNIST/2_1_16/cave/cfp_over_time/configurator_footprint1.png" failed. To activate automatic png-export, please follow instructions on CAVE's GitHub (install selenium and phantomjs-prebuilt).
DEBUG:cave.timer:func:'export_bokeh' took: 0.3456 sec (human-friendly: 0 h /0 m /0 s)
DEBUG:cave.timer:func:'_plot_contour' took: 0.0138 sec (human-friendly: 0 h /0 m /0 s)
DEBUG:cave.plot.configurator_footprint.ConfiguratorFootprintPlotter:60 different glyph renderers, 1 different zorder-values
DEBUG:cave.timer:func:'_scatter' took: 0.0495 sec (human-friendly: 0 h /0 m /0 s)
DEBUG:cave.plot.configurator_footprint.ConfiguratorFootprintPlotter:Quantile 2: 60 scatter-handles
DEBUG:cave.plot.configurator_footprint.ConfiguratorFootprintPlotter:Saving plot to bohb/latest_11_02_19/KMNIST/2_1_16/cave/cfp_over_time/configurator_footprint2.png
DEBUG:cave.plot.configurator_footprint.ConfiguratorFootprintPlotter:Exporting to bohb/latest_11_02_19/KMNIST/2_1_16/cave/cfp_over_time/configurator_footprint2.png (base: bohb/latest_11_02_19/KMNIST/2_1_16/cave/cfp_over_time)
DEBUG:cave.plot.configurator_footprint.ConfiguratorFootprintPlotter:Exporting failed
Traceback (most recent call last):
  File "/usr/local/lib/python3.6/dist-packages/bokeh/util/dependencies.py", line 78, in detect_phantomjs
    proc = Popen([phantomjs_path, "--version"], stdout=PIPE, stderr=PIPE)
  File "/usr/lib/python3.6/subprocess.py", line 709, in __init__
    restore_signals, start_new_session)
  File "/usr/lib/python3.6/subprocess.py", line 1344, in _execute_child
    raise child_exception_type(errno_num, err_msg, err_filename)
FileNotFoundError: [Errno 2] No such file or directory: 'phantomjs': 'phantomjs'

During handling of the above exception, another exception occurred:

Traceback (most recent call last):
  File "/usr/local/lib/python3.6/dist-packages/cave/utils/io.py", line 36, in export_bokeh
    export_png(plot, filename=path)
  File "/usr/local/lib/python3.6/dist-packages/bokeh/io/export.py", line 91, in export_png
    image = get_screenshot_as_png(obj, height=height, width=width, driver=webdriver)
  File "/usr/local/lib/python3.6/dist-packages/bokeh/io/export.py", line 201, in get_screenshot_as_png
    web_driver = driver if driver is not None else webdriver_control.get()
  File "/usr/local/lib/python3.6/dist-packages/bokeh/io/webdriver.py", line 98, in get
    self.current = self.create()
  File "/usr/local/lib/python3.6/dist-packages/bokeh/io/webdriver.py", line 103, in create
    return create_phantomjs_webdriver()
  File "/usr/local/lib/python3.6/dist-packages/bokeh/io/webdriver.py", line 61, in create_phantomjs_webdriver
    phantomjs_path = detect_phantomjs()
  File "/usr/local/lib/python3.6/dist-packages/bokeh/util/dependencies.py", line 92, in detect_phantomjs
    "npm install -g phantomjs-prebuilt"')
RuntimeError: PhantomJS is not present in PATH or BOKEH_PHANTOMJS_PATH. Try "conda install phantomjs" or             "npm install -g phantomjs-prebuilt"
WARNING:cave.plot.configurator_footprint.ConfiguratorFootprintPlotter:Exporting bokeh-plot to "bohb/latest_11_02_19/KMNIST/2_1_16/cave/cfp_over_time/configurator_footprint2.png" failed. To activate automatic png-export, please follow instructions on CAVE's GitHub (install selenium and phantomjs-prebuilt).
DEBUG:cave.timer:func:'export_bokeh' took: 0.4256 sec (human-friendly: 0 h /0 m /0 s)
DEBUG:cave.plot.configurator_footprint.ConfiguratorFootprintPlotter:Adding checkboxes
DEBUG:cave.plot.configurator_footprint.ConfiguratorFootprintPlotter:Exporting to bohb/latest_11_02_19/KMNIST/2_1_16/cave/content/images/configurator_footprint.png (base: bohb/latest_11_02_19/KMNIST/2_1_16/cave/content/images)
DEBUG:cave.plot.configurator_footprint.ConfiguratorFootprintPlotter:Exporting failed
Traceback (most recent call last):
  File "/usr/local/lib/python3.6/dist-packages/bokeh/util/dependencies.py", line 78, in detect_phantomjs
    proc = Popen([phantomjs_path, "--version"], stdout=PIPE, stderr=PIPE)
  File "/usr/lib/python3.6/subprocess.py", line 709, in __init__
    restore_signals, start_new_session)
  File "/usr/lib/python3.6/subprocess.py", line 1344, in _execute_child
    raise child_exception_type(errno_num, err_msg, err_filename)
FileNotFoundError: [Errno 2] No such file or directory: 'phantomjs': 'phantomjs'

During handling of the above exception, another exception occurred:

Traceback (most recent call last):
  File "/usr/local/lib/python3.6/dist-packages/cave/utils/io.py", line 36, in export_bokeh
    export_png(plot, filename=path)
  File "/usr/local/lib/python3.6/dist-packages/bokeh/io/export.py", line 91, in export_png
    image = get_screenshot_as_png(obj, height=height, width=width, driver=webdriver)
  File "/usr/local/lib/python3.6/dist-packages/bokeh/io/export.py", line 201, in get_screenshot_as_png
    web_driver = driver if driver is not None else webdriver_control.get()
  File "/usr/local/lib/python3.6/dist-packages/bokeh/io/webdriver.py", line 98, in get
    self.current = self.create()
  File "/usr/local/lib/python3.6/dist-packages/bokeh/io/webdriver.py", line 103, in create
    return create_phantomjs_webdriver()
  File "/usr/local/lib/python3.6/dist-packages/bokeh/io/webdriver.py", line 61, in create_phantomjs_webdriver
    phantomjs_path = detect_phantomjs()
  File "/usr/local/lib/python3.6/dist-packages/bokeh/util/dependencies.py", line 92, in detect_phantomjs
    "npm install -g phantomjs-prebuilt"')
RuntimeError: PhantomJS is not present in PATH or BOKEH_PHANTOMJS_PATH. Try "conda install phantomjs" or             "npm install -g phantomjs-prebuilt"
WARNING:cave.plot.configurator_footprint.ConfiguratorFootprintPlotter:Exporting bokeh-plot to "bohb/latest_11_02_19/KMNIST/2_1_16/cave/content/images/configurator_footprint.png" failed. To activate automatic png-export, please follow instructions on CAVE's GitHub (install selenium and phantomjs-prebuilt).
DEBUG:cave.timer:func:'export_bokeh' took: 0.7376 sec (human-friendly: 0 h /0 m /0 s)
DEBUG:HTMLBuilder:No content for Meta Data, skipping in html-generation
DEBUG:HTMLBuilder:No content for Best Configuration, skipping in html-generation
DEBUG:HTMLBuilder:No content for Performance Analysis, skipping in html-generation
DEBUG:HTMLBuilder:No content for Parameter Importance, skipping in html-generation
DEBUG:HTMLBuilder:No content for Feature Analysis, skipping in html-generation
DEBUG:HTMLBuilder:No content for BOHB Plot, skipping in html-generation
DEBUG:cave.cavefacade.CAVE:Using aggregated cave-instance
DEBUG:cave.cavefacade.CAVE:Args: (), Kwargs: {}
DEBUG:cave.analyzer.cost_over_time.CostOverTime:Initialized CostOverTime with 5 runs, output to "bohb/latest_11_02_19/KMNIST/2_1_16/cave/"
DEBUG:cave.analyzer.cost_over_time.CostOverTime:Exporting to bohb/latest_11_02_19/KMNIST/2_1_16/cave/performance_over_time.png (base: bohb/latest_11_02_19/KMNIST/2_1_16/cave)
DEBUG:cave.analyzer.cost_over_time.CostOverTime:Exporting failed
Traceback (most recent call last):
  File "/usr/local/lib/python3.6/dist-packages/bokeh/util/dependencies.py", line 78, in detect_phantomjs
    proc = Popen([phantomjs_path, "--version"], stdout=PIPE, stderr=PIPE)
  File "/usr/lib/python3.6/subprocess.py", line 709, in __init__
    restore_signals, start_new_session)
  File "/usr/lib/python3.6/subprocess.py", line 1344, in _execute_child
    raise child_exception_type(errno_num, err_msg, err_filename)
FileNotFoundError: [Errno 2] No such file or directory: 'phantomjs': 'phantomjs'

During handling of the above exception, another exception occurred:

Traceback (most recent call last):
  File "/usr/local/lib/python3.6/dist-packages/cave/utils/io.py", line 36, in export_bokeh
    export_png(plot, filename=path)
  File "/usr/local/lib/python3.6/dist-packages/bokeh/io/export.py", line 91, in export_png
    image = get_screenshot_as_png(obj, height=height, width=width, driver=webdriver)
  File "/usr/local/lib/python3.6/dist-packages/bokeh/io/export.py", line 201, in get_screenshot_as_png
    web_driver = driver if driver is not None else webdriver_control.get()
  File "/usr/local/lib/python3.6/dist-packages/bokeh/io/webdriver.py", line 98, in get
    self.current = self.create()
  File "/usr/local/lib/python3.6/dist-packages/bokeh/io/webdriver.py", line 103, in create
    return create_phantomjs_webdriver()
  File "/usr/local/lib/python3.6/dist-packages/bokeh/io/webdriver.py", line 61, in create_phantomjs_webdriver
    phantomjs_path = detect_phantomjs()
  File "/usr/local/lib/python3.6/dist-packages/bokeh/util/dependencies.py", line 92, in detect_phantomjs
    "npm install -g phantomjs-prebuilt"')
RuntimeError: PhantomJS is not present in PATH or BOKEH_PHANTOMJS_PATH. Try "conda install phantomjs" or             "npm install -g phantomjs-prebuilt"
WARNING:cave.analyzer.cost_over_time.CostOverTime:Exporting bokeh-plot to "bohb/latest_11_02_19/KMNIST/2_1_16/cave/performance_over_time.png" failed. To activate automatic png-export, please follow instructions on CAVE's GitHub (install selenium and phantomjs-prebuilt).
DEBUG:cave.timer:func:'export_bokeh' took: 0.0783 sec (human-friendly: 0 h /0 m /0 s)
DEBUG:HTMLBuilder:No content for Meta Data, skipping in html-generation
DEBUG:HTMLBuilder:No content for Best Configuration, skipping in html-generation
DEBUG:HTMLBuilder:No content for Performance Analysis, skipping in html-generation
DEBUG:HTMLBuilder:No content for Parameter Importance, skipping in html-generation
DEBUG:HTMLBuilder:No content for Feature Analysis, skipping in html-generation
DEBUG:HTMLBuilder:No content for BOHB Plot, skipping in html-generation
DEBUG:cave.cavefacade.CAVE:Using aggregated cave-instance
DEBUG:cave.cavefacade.CAVE:Args: (), Kwargs: {}
DEBUG:cave.analyzer.overview_table.OverviewTable:bohb_parallel in overview: 1
DEBUG:HTMLBuilder:No content for Best Configuration, skipping in html-generation
DEBUG:HTMLBuilder:No content for Performance Analysis, skipping in html-generation
DEBUG:HTMLBuilder:No content for Parameter Importance, skipping in html-generation
DEBUG:HTMLBuilder:No content for Feature Analysis, skipping in html-generation
DEBUG:HTMLBuilder:No content for BOHB Plot, skipping in html-generation
DEBUG:cave.cavefacade.CAVE:Using 'bohb/latest_11_02_19/KMNIST/2_1_16/cave/content/budget_1.0' as output for pimp
DEBUG:pimp.Importance:None
DEBUG:pimp.Importance:<smac.runhistory.runhistory.RunHistory object at 0x7f0f51897fd0>
INFO:pimp.Importance:Combined number of Runhistory data points: 32
INFO:pimp.Importance:Number of Configurations: 32
INFO:pimp.Importance:Converting Data and constructing Model
INFO:pimp.Importance:Using model <pimp.epm.base_epm.RandomForestWithInstances object at 0x7f0f513a2908>
DEBUG:smac.runhistory.runhistory2epm.RunHistory2EPM4Cost:Transform runhistory into X,y format
DEBUG:smac.runhistory.runhistory2epm.RunHistory2EPM4Cost:Converted 32 observations
INFO:pimp.Importance:Size of training X: (32, 30)
INFO:pimp.Importance:Size of training y: (32, 1)
INFO:pimp.Importance:Data was not imputed
INFO:pimp.Importance:Thus the size of X might be smaller than the datapoints in the RunHistory
INFO:pimp.Importance:Fitting Model
INFO:pimp.Importance:Best incumbent found in None
DEBUG:smac.utils.validate.Validator:no seed given, using default seed of 1
DEBUG:cave.cavefacade.CAVE:Validating bohb/latest_11_02_19/KMNIST/2_1_16/cave/budget_1.0 using epm!
DEBUG:smac.utils.validate.Validator:Gathered 2 configurations for mode def+inc.
INFO:smac.utils.validate.Validator:Collected 1 runs from 2 configurations on 1 instances with 1 repetitions. Reusing 1 runs from given runhistory.
DEBUG:smac.utils.validate.Validator:Predicting desired 1 runs, data has shape (1, 30)
DEBUG:cave.cavefacade.CAVE:Validating bohb/latest_11_02_19/KMNIST/2_1_16/cave/budget_2.0 using epm!
DEBUG:smac.utils.validate.Validator:Gathered 2 configurations for mode def+inc.
INFO:smac.utils.validate.Validator:Collected 1 runs from 2 configurations on 1 instances with 1 repetitions. Reusing 1 runs from given runhistory.
DEBUG:smac.utils.validate.Validator:Predicting desired 1 runs, data has shape (1, 30)
DEBUG:cave.cavefacade.CAVE:Validating bohb/latest_11_02_19/KMNIST/2_1_16/cave/budget_4.0 using epm!
DEBUG:smac.utils.validate.Validator:Gathered 2 configurations for mode def+inc.
INFO:smac.utils.validate.Validator:Collected 1 runs from 2 configurations on 1 instances with 1 repetitions. Reusing 1 runs from given runhistory.
DEBUG:smac.utils.validate.Validator:Predicting desired 1 runs, data has shape (1, 30)
DEBUG:cave.cavefacade.CAVE:Validating bohb/latest_11_02_19/KMNIST/2_1_16/cave/budget_8.0 using epm!
DEBUG:smac.utils.validate.Validator:Gathered 2 configurations for mode def+inc.
INFO:smac.utils.validate.Validator:Collected 1 runs from 2 configurations on 1 instances with 1 repetitions. Reusing 1 runs from given runhistory.
DEBUG:smac.utils.validate.Validator:Predicting desired 1 runs, data has shape (1, 30)
DEBUG:cave.cavefacade.CAVE:Validating bohb/latest_11_02_19/KMNIST/2_1_16/cave/budget_16.0 using epm!
DEBUG:smac.utils.validate.Validator:Gathered 2 configurations for mode def+inc.
INFO:smac.utils.validate.Validator:Collected 2 runs from 2 configurations on 1 instances with 1 repetitions. Reusing 0 runs from given runhistory.
DEBUG:smac.utils.validate.Validator:Predicting desired 2 runs, data has shape (2, 30)
DEBUG:cave.timer:func:'_validate_default_and_incumbents' took: 0.0110 sec (human-friendly: 0 h /0 m /0 s)
INFO:cave.cavefacade.CAVE:fANOVA...
DEBUG:cave.cavefacade.CAVE:Using budget_1.0 as cave-instance
DEBUG:cave.cavefacade.CAVE:Args: (), Kwargs: {}
INFO:cave.analyzer.cave_fanova.CaveFanova:... parameter importance fanova
INFO:pimp.Importance:Running fanova
INFO:pimp.Importance:Setting up Evaluation Method
INFO:pimp.Importance:Using model <pimp.epm.base_epm.RandomForestWithInstances object at 0x7f0f517c1940>
INFO:pimp.Importance:X shape (32, 30)
INFO:pimp.fANOVA:No preprocessing necessary
INFO:pimp.fANOVA:PREPROCESSING PREPROCESSING PREPROCESSING PREPROCESSING PREPROCESSING PREPROCESSING
INFO:pimp.fANOVA:Marginalizing away all instances!
DEBUG:pimp.fANOVA:Skipped 32 forbidden configurations
ERROR:cave.cavefacade.CAVE:Expected 2d array, got 1d array!
Traceback (most recent call last):
  File "/usr/local/lib/python3.6/dist-packages/cave/cavefacade.py", line 100, in wrap
    analyzer = f(self, cave, *args, **kw)
  File "/usr/local/lib/python3.6/dist-packages/cave/cavefacade.py", line 839, in cave_fanova
    fanova = CaveFanova(cave.pimp, cave.incumbent, os.path.join(cave.output_dir, 'content'))
  File "/usr/local/lib/python3.6/dist-packages/cave/analyzer/cave_fanova.py", line 46, in __init__
    self.parameter_importance("fanova")
  File "/usr/local/lib/python3.6/dist-packages/cave/analyzer/cave_parameter_importance.py", line 40, in parameter_importance
    self.pimp.evaluate_scenario([modus], self.output_dir)
  File "/usr/local/lib/python3.6/dist-packages/pimp/importance/importance.py", line 499, in evaluate_scenario
    self.evaluator = method
  File "/usr/local/lib/python3.6/dist-packages/pimp/importance/importance.py", line 372, in evaluator
    verbose=self.verbose)
  File "/usr/local/lib/python3.6/dist-packages/pimp/evaluator/fanova.py", line 63, in __init__
    self._preprocess(runhist)
  File "/usr/local/lib/python3.6/dist-packages/pimp/evaluator/fanova.py", line 112, in _preprocess
    y_prime = np.array(self.model.predict_marginalized_over_instances(X_prime)[0])
  File "/usr/local/lib/python3.6/dist-packages/smac/epm/base_epm.py", line 240, in predict_marginalized_over_instances
    raise ValueError('Expected 2d array, got %dd array!' % len(X.shape))
ValueError: Expected 2d array, got 1d array!
